[2018-04-08 14:07:52,790] TRACE [Controller 0]: checking need to trigger partition rebalance (kafka.controller.KafkaController)
[2018-04-08 14:07:53,803] DEBUG [Controller 0]: preferred replicas by broker Map(0 -> Map([__samza_coordinator_wikipedia-feed_1,0] -> List(0), [wikipedia-edits,0] -> List(0), [wikipedia-stats,0] -> List(0), [__samza_coordinator_wikipedia-stats_1,0] -> List(0), [wikipedia-raw,0] -> List(0), [wikipedia-application-1-window-statsWindow,0] -> List(0), [metrics,0] -> List(0), [wikipedia-stats-changelog,0] -> List(0), [__samza_coordinator_wikipedia-application_1,0] -> List(0), [__samza_coordinator_wikipedia-parser_1,0] -> List(0))) (kafka.controller.KafkaController)
[2018-04-08 14:07:53,804] DEBUG [Controller 0]: topics not in preferred replica Map() (kafka.controller.KafkaController)
[2018-04-08 14:07:53,807] TRACE [Controller 0]: leader imbalance ratio for broker 0 is 0.000000 (kafka.controller.KafkaController)
[2018-04-08 14:07:54,939] INFO [SessionExpirationListener on 0], ZK expired; shut down all controller components and try to re-elect (kafka.controller.KafkaController$SessionExpirationListener)
[2018-04-08 14:07:55,215] DEBUG [Controller 0]: Controller resigning, broker id 0 (kafka.controller.KafkaController)
[2018-04-08 14:07:55,218] DEBUG [Controller 0]: De-registering IsrChangeNotificationListener (kafka.controller.KafkaController)
[2018-04-08 14:07:55,266] INFO [Partition state machine on Controller 0]: Stopped partition state machine (kafka.controller.PartitionStateMachine)
[2018-04-08 14:07:55,269] INFO [Replica state machine on controller 0]: Stopped replica state machine (kafka.controller.ReplicaStateMachine)
[2018-04-08 14:07:55,277] INFO [Controller-0-to-broker-0-send-thread], Shutting down (kafka.controller.RequestSendThread)
[2018-04-08 14:07:55,282] INFO [Controller-0-to-broker-0-send-thread], Shutdown completed (kafka.controller.RequestSendThread)
[2018-04-08 14:07:55,282] INFO [Controller-0-to-broker-0-send-thread], Stopped  (kafka.controller.RequestSendThread)
[2018-04-08 14:07:55,299] INFO [Controller 0]: Broker 0 resigned as the controller (kafka.controller.KafkaController)
[2018-04-08 14:07:55,658] INFO [Controller 0]: Broker 0 starting become controller state transition (kafka.controller.KafkaController)
[2018-04-08 14:07:55,665] INFO [Controller 0]: Initialized controller epoch to 1 and zk version 0 (kafka.controller.KafkaController)
[2018-04-08 14:07:55,670] INFO [Controller 0]: Controller 0 incremented epoch to 2 (kafka.controller.KafkaController)
[2018-04-08 14:07:55,672] DEBUG [Controller 0]: Registering IsrChangeNotificationListener (kafka.controller.KafkaController)
[2018-04-08 14:07:56,721] INFO [Controller 0]: Partitions undergoing preferred replica election:  (kafka.controller.KafkaController)
[2018-04-08 14:07:56,721] INFO [Controller 0]: Partitions that completed preferred replica election:  (kafka.controller.KafkaController)
[2018-04-08 14:07:56,722] INFO [Controller 0]: Resuming preferred replica election for partitions:  (kafka.controller.KafkaController)
[2018-04-08 14:07:56,736] INFO [Controller 0]: Partitions being reassigned: Map() (kafka.controller.KafkaController)
[2018-04-08 14:07:56,740] INFO [Controller 0]: Partitions already reassigned: Set() (kafka.controller.KafkaController)
[2018-04-08 14:07:56,741] INFO [Controller 0]: Resuming reassignment of partitions: Map() (kafka.controller.KafkaController)
[2018-04-08 14:07:56,753] INFO [Controller 0]: List of topics to be deleted:  (kafka.controller.KafkaController)
[2018-04-08 14:07:56,756] INFO [Controller 0]: List of topics ineligible for deletion: __samza_coordinator_wikipedia-parser_1,wikipedia-raw,wikipedia-edits,wikipedia-stats-changelog,metrics,__samza_coordinator_wikipedia-feed_1,wikipedia-application-1-window-statsWindow,__samza_coordinator_wikipedia-application_1,__samza_coordinator_wikipedia-stats_1,wikipedia-stats (kafka.controller.KafkaController)
[2018-04-08 14:07:56,761] INFO [Controller 0]: Currently active brokers in the cluster: Set() (kafka.controller.KafkaController)
[2018-04-08 14:07:56,761] INFO [Controller 0]: Currently shutting brokers in the cluster: Set() (kafka.controller.KafkaController)
[2018-04-08 14:07:56,761] INFO [Controller 0]: Current list of topics in the cluster: Set(__samza_coordinator_wikipedia-parser_1, wikipedia-raw, wikipedia-edits, wikipedia-stats-changelog, metrics, __samza_coordinator_wikipedia-feed_1, wikipedia-application-1-window-statsWindow, __samza_coordinator_wikipedia-application_1, __samza_coordinator_wikipedia-stats_1, wikipedia-stats) (kafka.controller.KafkaController)
[2018-04-08 14:07:56,774] INFO [Replica state machine on controller 0]: Started replica state machine with initial state -> Map([Topic=__samza_coordinator_wikipedia-stats_1,Partition=0,Replica=0] -> ReplicaDeletionIneligible, [Topic=wikipedia-stats-changelog,Partition=0,Replica=0] -> ReplicaDeletionIneligible, [Topic=wikipedia-application-1-window-statsWindow,Partition=0,Replica=0] -> ReplicaDeletionIneligible, [Topic=metrics,Partition=0,Replica=0] -> ReplicaDeletionIneligible, [Topic=wikipedia-stats,Partition=0,Replica=0] -> ReplicaDeletionIneligible, [Topic=__samza_coordinator_wikipedia-feed_1,Partition=0,Replica=0] -> ReplicaDeletionIneligible, [Topic=__samza_coordinator_wikipedia-application_1,Partition=0,Replica=0] -> ReplicaDeletionIneligible, [Topic=wikipedia-edits,Partition=0,Replica=0] -> ReplicaDeletionIneligible, [Topic=__samza_coordinator_wikipedia-parser_1,Partition=0,Replica=0] -> ReplicaDeletionIneligible, [Topic=wikipedia-raw,Partition=0,Replica=0] -> ReplicaDeletionIneligible) (kafka.controller.ReplicaStateMachine)
[2018-04-08 14:07:56,866] DEBUG [OfflinePartitionLeaderSelector]: No broker in ISR is alive for [wikipedia-edits,0]. Pick the leader from the alive assigned replicas:  (kafka.controller.OfflinePartitionLeaderSelector)
[2018-04-08 14:07:56,943] DEBUG [OfflinePartitionLeaderSelector]: No broker in ISR is alive for [__samza_coordinator_wikipedia-feed_1,0]. Pick the leader from the alive assigned replicas:  (kafka.controller.OfflinePartitionLeaderSelector)
[2018-04-08 14:07:57,119] DEBUG [OfflinePartitionLeaderSelector]: No broker in ISR is alive for [__samza_coordinator_wikipedia-stats_1,0]. Pick the leader from the alive assigned replicas:  (kafka.controller.OfflinePartitionLeaderSelector)
[2018-04-08 14:07:57,159] DEBUG [OfflinePartitionLeaderSelector]: No broker in ISR is alive for [wikipedia-stats,0]. Pick the leader from the alive assigned replicas:  (kafka.controller.OfflinePartitionLeaderSelector)
[2018-04-08 14:07:57,190] DEBUG [OfflinePartitionLeaderSelector]: No broker in ISR is alive for [wikipedia-raw,0]. Pick the leader from the alive assigned replicas:  (kafka.controller.OfflinePartitionLeaderSelector)
[2018-04-08 14:07:57,321] DEBUG [OfflinePartitionLeaderSelector]: No broker in ISR is alive for [wikipedia-application-1-window-statsWindow,0]. Pick the leader from the alive assigned replicas:  (kafka.controller.OfflinePartitionLeaderSelector)
[2018-04-08 14:07:57,362] DEBUG [OfflinePartitionLeaderSelector]: No broker in ISR is alive for [metrics,0]. Pick the leader from the alive assigned replicas:  (kafka.controller.OfflinePartitionLeaderSelector)
[2018-04-08 14:07:57,420] DEBUG [OfflinePartitionLeaderSelector]: No broker in ISR is alive for [wikipedia-stats-changelog,0]. Pick the leader from the alive assigned replicas:  (kafka.controller.OfflinePartitionLeaderSelector)
[2018-04-08 14:07:57,459] DEBUG [OfflinePartitionLeaderSelector]: No broker in ISR is alive for [__samza_coordinator_wikipedia-application_1,0]. Pick the leader from the alive assigned replicas:  (kafka.controller.OfflinePartitionLeaderSelector)
[2018-04-08 14:07:57,505] DEBUG [OfflinePartitionLeaderSelector]: No broker in ISR is alive for [__samza_coordinator_wikipedia-parser_1,0]. Pick the leader from the alive assigned replicas:  (kafka.controller.OfflinePartitionLeaderSelector)
[2018-04-08 14:07:57,508] INFO [Partition state machine on Controller 0]: Started partition state machine with initial state -> Map([wikipedia-edits,0] -> OfflinePartition, [__samza_coordinator_wikipedia-feed_1,0] -> OfflinePartition, [__samza_coordinator_wikipedia-stats_1,0] -> OfflinePartition, [wikipedia-stats,0] -> OfflinePartition, [wikipedia-raw,0] -> OfflinePartition, [wikipedia-application-1-window-statsWindow,0] -> OfflinePartition, [metrics,0] -> OfflinePartition, [wikipedia-stats-changelog,0] -> OfflinePartition, [__samza_coordinator_wikipedia-application_1,0] -> OfflinePartition, [__samza_coordinator_wikipedia-parser_1,0] -> OfflinePartition) (kafka.controller.PartitionStateMachine)
[2018-04-08 14:07:57,520] INFO [Controller 0]: Broker 0 is ready to serve as the new controller with epoch 2 (kafka.controller.KafkaController)
[2018-04-08 14:07:57,520] INFO [Controller 0]: Starting preferred replica leader election for partitions  (kafka.controller.KafkaController)
[2018-04-08 14:07:57,520] INFO [Partition state machine on Controller 0]: Invoking state change to OnlinePartition for partitions  (kafka.controller.PartitionStateMachine)
[2018-04-08 14:07:57,524] INFO [Controller 0]: starting the partition rebalance scheduler (kafka.controller.KafkaController)
[2018-04-08 14:08:02,527] TRACE [Controller 0]: checking need to trigger partition rebalance (kafka.controller.KafkaController)
[2018-04-08 14:08:02,528] DEBUG [Controller 0]: preferred replicas by broker Map(0 -> Map([wikipedia-edits,0] -> List(0), [__samza_coordinator_wikipedia-feed_1,0] -> List(0), [__samza_coordinator_wikipedia-stats_1,0] -> List(0), [wikipedia-stats,0] -> List(0), [wikipedia-raw,0] -> List(0), [wikipedia-application-1-window-statsWindow,0] -> List(0), [metrics,0] -> List(0), [wikipedia-stats-changelog,0] -> List(0), [__samza_coordinator_wikipedia-application_1,0] -> List(0), [__samza_coordinator_wikipedia-parser_1,0] -> List(0))) (kafka.controller.KafkaController)
[2018-04-08 14:08:02,528] DEBUG [Controller 0]: topics not in preferred replica Map() (kafka.controller.KafkaController)
[2018-04-08 14:08:02,528] TRACE [Controller 0]: leader imbalance ratio for broker 0 is 0.000000 (kafka.controller.KafkaController)
[2018-04-08 14:08:07,556] DEBUG [IsrChangeNotificationListener on Controller 0]: ISR change notification listener fired (kafka.controller.IsrChangeNotificationListener)
[2018-04-08 14:08:07,561] INFO [BrokerChangeListener on Controller 0]: Broker change listener fired for path /brokers/ids with children 0 (kafka.controller.ReplicaStateMachine$BrokerChangeListener)
[2018-04-08 14:08:07,589] INFO [BrokerChangeListener on Controller 0]: Newly added brokers: 0, deleted brokers: , all live brokers: 0 (kafka.controller.ReplicaStateMachine$BrokerChangeListener)
[2018-04-08 14:08:07,589] DEBUG [Channel manager on controller 0]: Controller 0 trying to connect to broker 0 (kafka.controller.ControllerChannelManager)
[2018-04-08 14:08:07,593] INFO [Controller 0]: New broker startup callback for 0 (kafka.controller.KafkaController)
[2018-04-08 14:08:07,594] INFO [Controller-0-to-broker-0-send-thread], Starting  (kafka.controller.RequestSendThread)
[2018-04-08 14:08:07,598] INFO [Replica state machine on controller 0]: Invoking state change to OnlineReplica for replicas [Topic=wikipedia-application-1-window-statsWindow,Partition=0,Replica=0],[Topic=__samza_coordinator_wikipedia-stats_1,Partition=0,Replica=0],[Topic=wikipedia-raw,Partition=0,Replica=0],[Topic=__samza_coordinator_wikipedia-application_1,Partition=0,Replica=0],[Topic=wikipedia-stats,Partition=0,Replica=0],[Topic=__samza_coordinator_wikipedia-feed_1,Partition=0,Replica=0],[Topic=metrics,Partition=0,Replica=0],[Topic=wikipedia-stats-changelog,Partition=0,Replica=0],[Topic=__samza_coordinator_wikipedia-parser_1,Partition=0,Replica=0],[Topic=wikipedia-edits,Partition=0,Replica=0] (kafka.controller.ReplicaStateMachine)
[2018-04-08 14:08:07,636] DEBUG [OfflinePartitionLeaderSelector]: Some broker in ISR is alive for [wikipedia-edits,0]. Select 0 from ISR 0 to be the leader. (kafka.controller.OfflinePartitionLeaderSelector)
[2018-04-08 14:08:07,640] INFO [OfflinePartitionLeaderSelector]: Selected new leader and ISR {"leader":0,"leader_epoch":1,"isr":[0]} for offline partition [wikipedia-edits,0] (kafka.controller.OfflinePartitionLeaderSelector)
[2018-04-08 14:08:07,658] DEBUG [Partition state machine on Controller 0]: After leader election, leader cache is updated to Map([wikipedia-edits,0] -> (Leader:0,ISR:0,LeaderEpoch:1,ControllerEpoch:2), [__samza_coordinator_wikipedia-feed_1,0] -> (Leader:0,ISR:0,LeaderEpoch:0,ControllerEpoch:1), [__samza_coordinator_wikipedia-stats_1,0] -> (Leader:0,ISR:0,LeaderEpoch:0,ControllerEpoch:1), [wikipedia-stats,0] -> (Leader:0,ISR:0,LeaderEpoch:0,ControllerEpoch:1), [wikipedia-raw,0] -> (Leader:0,ISR:0,LeaderEpoch:0,ControllerEpoch:1), [wikipedia-application-1-window-statsWindow,0] -> (Leader:0,ISR:0,LeaderEpoch:0,ControllerEpoch:1), [metrics,0] -> (Leader:0,ISR:0,LeaderEpoch:0,ControllerEpoch:1), [wikipedia-stats-changelog,0] -> (Leader:0,ISR:0,LeaderEpoch:0,ControllerEpoch:1), [__samza_coordinator_wikipedia-application_1,0] -> (Leader:0,ISR:0,LeaderEpoch:0,ControllerEpoch:1), [__samza_coordinator_wikipedia-parser_1,0] -> (Leader:0,ISR:0,LeaderEpoch:0,ControllerEpoch:1)) (kafka.controller.PartitionStateMachine)
[2018-04-08 14:08:07,667] DEBUG [OfflinePartitionLeaderSelector]: Some broker in ISR is alive for [__samza_coordinator_wikipedia-feed_1,0]. Select 0 from ISR 0 to be the leader. (kafka.controller.OfflinePartitionLeaderSelector)
[2018-04-08 14:08:07,668] INFO [OfflinePartitionLeaderSelector]: Selected new leader and ISR {"leader":0,"leader_epoch":1,"isr":[0]} for offline partition [__samza_coordinator_wikipedia-feed_1,0] (kafka.controller.OfflinePartitionLeaderSelector)
[2018-04-08 14:08:07,671] DEBUG [Partition state machine on Controller 0]: After leader election, leader cache is updated to Map([wikipedia-edits,0] -> (Leader:0,ISR:0,LeaderEpoch:1,ControllerEpoch:2), [__samza_coordinator_wikipedia-feed_1,0] -> (Leader:0,ISR:0,LeaderEpoch:1,ControllerEpoch:2), [__samza_coordinator_wikipedia-stats_1,0] -> (Leader:0,ISR:0,LeaderEpoch:0,ControllerEpoch:1), [wikipedia-stats,0] -> (Leader:0,ISR:0,LeaderEpoch:0,ControllerEpoch:1), [wikipedia-raw,0] -> (Leader:0,ISR:0,LeaderEpoch:0,ControllerEpoch:1), [wikipedia-application-1-window-statsWindow,0] -> (Leader:0,ISR:0,LeaderEpoch:0,ControllerEpoch:1), [metrics,0] -> (Leader:0,ISR:0,LeaderEpoch:0,ControllerEpoch:1), [wikipedia-stats-changelog,0] -> (Leader:0,ISR:0,LeaderEpoch:0,ControllerEpoch:1), [__samza_coordinator_wikipedia-application_1,0] -> (Leader:0,ISR:0,LeaderEpoch:0,ControllerEpoch:1), [__samza_coordinator_wikipedia-parser_1,0] -> (Leader:0,ISR:0,LeaderEpoch:0,ControllerEpoch:1)) (kafka.controller.PartitionStateMachine)
[2018-04-08 14:08:07,682] DEBUG [OfflinePartitionLeaderSelector]: Some broker in ISR is alive for [__samza_coordinator_wikipedia-stats_1,0]. Select 0 from ISR 0 to be the leader. (kafka.controller.OfflinePartitionLeaderSelector)
[2018-04-08 14:08:07,682] INFO [OfflinePartitionLeaderSelector]: Selected new leader and ISR {"leader":0,"leader_epoch":1,"isr":[0]} for offline partition [__samza_coordinator_wikipedia-stats_1,0] (kafka.controller.OfflinePartitionLeaderSelector)
[2018-04-08 14:08:07,685] DEBUG [Partition state machine on Controller 0]: After leader election, leader cache is updated to Map([wikipedia-edits,0] -> (Leader:0,ISR:0,LeaderEpoch:1,ControllerEpoch:2), [__samza_coordinator_wikipedia-feed_1,0] -> (Leader:0,ISR:0,LeaderEpoch:1,ControllerEpoch:2), [__samza_coordinator_wikipedia-stats_1,0] -> (Leader:0,ISR:0,LeaderEpoch:1,ControllerEpoch:2), [wikipedia-stats,0] -> (Leader:0,ISR:0,LeaderEpoch:0,ControllerEpoch:1), [wikipedia-raw,0] -> (Leader:0,ISR:0,LeaderEpoch:0,ControllerEpoch:1), [wikipedia-application-1-window-statsWindow,0] -> (Leader:0,ISR:0,LeaderEpoch:0,ControllerEpoch:1), [metrics,0] -> (Leader:0,ISR:0,LeaderEpoch:0,ControllerEpoch:1), [wikipedia-stats-changelog,0] -> (Leader:0,ISR:0,LeaderEpoch:0,ControllerEpoch:1), [__samza_coordinator_wikipedia-application_1,0] -> (Leader:0,ISR:0,LeaderEpoch:0,ControllerEpoch:1), [__samza_coordinator_wikipedia-parser_1,0] -> (Leader:0,ISR:0,LeaderEpoch:0,ControllerEpoch:1)) (kafka.controller.PartitionStateMachine)
[2018-04-08 14:08:07,697] DEBUG [OfflinePartitionLeaderSelector]: Some broker in ISR is alive for [wikipedia-stats,0]. Select 0 from ISR 0 to be the leader. (kafka.controller.OfflinePartitionLeaderSelector)
[2018-04-08 14:08:07,739] INFO [OfflinePartitionLeaderSelector]: Selected new leader and ISR {"leader":0,"leader_epoch":1,"isr":[0]} for offline partition [wikipedia-stats,0] (kafka.controller.OfflinePartitionLeaderSelector)
[2018-04-08 14:08:07,743] DEBUG [Partition state machine on Controller 0]: After leader election, leader cache is updated to Map([wikipedia-edits,0] -> (Leader:0,ISR:0,LeaderEpoch:1,ControllerEpoch:2), [__samza_coordinator_wikipedia-feed_1,0] -> (Leader:0,ISR:0,LeaderEpoch:1,ControllerEpoch:2), [__samza_coordinator_wikipedia-stats_1,0] -> (Leader:0,ISR:0,LeaderEpoch:1,ControllerEpoch:2), [wikipedia-stats,0] -> (Leader:0,ISR:0,LeaderEpoch:1,ControllerEpoch:2), [wikipedia-raw,0] -> (Leader:0,ISR:0,LeaderEpoch:0,ControllerEpoch:1), [wikipedia-application-1-window-statsWindow,0] -> (Leader:0,ISR:0,LeaderEpoch:0,ControllerEpoch:1), [metrics,0] -> (Leader:0,ISR:0,LeaderEpoch:0,ControllerEpoch:1), [wikipedia-stats-changelog,0] -> (Leader:0,ISR:0,LeaderEpoch:0,ControllerEpoch:1), [__samza_coordinator_wikipedia-application_1,0] -> (Leader:0,ISR:0,LeaderEpoch:0,ControllerEpoch:1), [__samza_coordinator_wikipedia-parser_1,0] -> (Leader:0,ISR:0,LeaderEpoch:0,ControllerEpoch:1)) (kafka.controller.PartitionStateMachine)
[2018-04-08 14:08:07,761] DEBUG [OfflinePartitionLeaderSelector]: Some broker in ISR is alive for [wikipedia-raw,0]. Select 0 from ISR 0 to be the leader. (kafka.controller.OfflinePartitionLeaderSelector)
[2018-04-08 14:08:07,761] INFO [OfflinePartitionLeaderSelector]: Selected new leader and ISR {"leader":0,"leader_epoch":1,"isr":[0]} for offline partition [wikipedia-raw,0] (kafka.controller.OfflinePartitionLeaderSelector)
[2018-04-08 14:08:07,766] DEBUG [Partition state machine on Controller 0]: After leader election, leader cache is updated to Map([wikipedia-edits,0] -> (Leader:0,ISR:0,LeaderEpoch:1,ControllerEpoch:2), [__samza_coordinator_wikipedia-feed_1,0] -> (Leader:0,ISR:0,LeaderEpoch:1,ControllerEpoch:2), [__samza_coordinator_wikipedia-stats_1,0] -> (Leader:0,ISR:0,LeaderEpoch:1,ControllerEpoch:2), [wikipedia-stats,0] -> (Leader:0,ISR:0,LeaderEpoch:1,ControllerEpoch:2), [wikipedia-raw,0] -> (Leader:0,ISR:0,LeaderEpoch:1,ControllerEpoch:2), [wikipedia-application-1-window-statsWindow,0] -> (Leader:0,ISR:0,LeaderEpoch:0,ControllerEpoch:1), [metrics,0] -> (Leader:0,ISR:0,LeaderEpoch:0,ControllerEpoch:1), [wikipedia-stats-changelog,0] -> (Leader:0,ISR:0,LeaderEpoch:0,ControllerEpoch:1), [__samza_coordinator_wikipedia-application_1,0] -> (Leader:0,ISR:0,LeaderEpoch:0,ControllerEpoch:1), [__samza_coordinator_wikipedia-parser_1,0] -> (Leader:0,ISR:0,LeaderEpoch:0,ControllerEpoch:1)) (kafka.controller.PartitionStateMachine)
[2018-04-08 14:08:07,812] DEBUG [OfflinePartitionLeaderSelector]: Some broker in ISR is alive for [wikipedia-application-1-window-statsWindow,0]. Select 0 from ISR 0 to be the leader. (kafka.controller.OfflinePartitionLeaderSelector)
[2018-04-08 14:08:07,812] INFO [OfflinePartitionLeaderSelector]: Selected new leader and ISR {"leader":0,"leader_epoch":1,"isr":[0]} for offline partition [wikipedia-application-1-window-statsWindow,0] (kafka.controller.OfflinePartitionLeaderSelector)
[2018-04-08 14:08:07,816] DEBUG [Partition state machine on Controller 0]: After leader election, leader cache is updated to Map([wikipedia-edits,0] -> (Leader:0,ISR:0,LeaderEpoch:1,ControllerEpoch:2), [__samza_coordinator_wikipedia-feed_1,0] -> (Leader:0,ISR:0,LeaderEpoch:1,ControllerEpoch:2), [__samza_coordinator_wikipedia-stats_1,0] -> (Leader:0,ISR:0,LeaderEpoch:1,ControllerEpoch:2), [wikipedia-stats,0] -> (Leader:0,ISR:0,LeaderEpoch:1,ControllerEpoch:2), [wikipedia-raw,0] -> (Leader:0,ISR:0,LeaderEpoch:1,ControllerEpoch:2), [wikipedia-application-1-window-statsWindow,0] -> (Leader:0,ISR:0,LeaderEpoch:1,ControllerEpoch:2), [metrics,0] -> (Leader:0,ISR:0,LeaderEpoch:0,ControllerEpoch:1), [wikipedia-stats-changelog,0] -> (Leader:0,ISR:0,LeaderEpoch:0,ControllerEpoch:1), [__samza_coordinator_wikipedia-application_1,0] -> (Leader:0,ISR:0,LeaderEpoch:0,ControllerEpoch:1), [__samza_coordinator_wikipedia-parser_1,0] -> (Leader:0,ISR:0,LeaderEpoch:0,ControllerEpoch:1)) (kafka.controller.PartitionStateMachine)
[2018-04-08 14:08:07,838] DEBUG [OfflinePartitionLeaderSelector]: Some broker in ISR is alive for [metrics,0]. Select 0 from ISR 0 to be the leader. (kafka.controller.OfflinePartitionLeaderSelector)
[2018-04-08 14:08:07,838] INFO [OfflinePartitionLeaderSelector]: Selected new leader and ISR {"leader":0,"leader_epoch":1,"isr":[0]} for offline partition [metrics,0] (kafka.controller.OfflinePartitionLeaderSelector)
[2018-04-08 14:08:07,842] DEBUG [Partition state machine on Controller 0]: After leader election, leader cache is updated to Map([wikipedia-edits,0] -> (Leader:0,ISR:0,LeaderEpoch:1,ControllerEpoch:2), [__samza_coordinator_wikipedia-feed_1,0] -> (Leader:0,ISR:0,LeaderEpoch:1,ControllerEpoch:2), [__samza_coordinator_wikipedia-stats_1,0] -> (Leader:0,ISR:0,LeaderEpoch:1,ControllerEpoch:2), [wikipedia-stats,0] -> (Leader:0,ISR:0,LeaderEpoch:1,ControllerEpoch:2), [wikipedia-raw,0] -> (Leader:0,ISR:0,LeaderEpoch:1,ControllerEpoch:2), [wikipedia-application-1-window-statsWindow,0] -> (Leader:0,ISR:0,LeaderEpoch:1,ControllerEpoch:2), [metrics,0] -> (Leader:0,ISR:0,LeaderEpoch:1,ControllerEpoch:2), [wikipedia-stats-changelog,0] -> (Leader:0,ISR:0,LeaderEpoch:0,ControllerEpoch:1), [__samza_coordinator_wikipedia-application_1,0] -> (Leader:0,ISR:0,LeaderEpoch:0,ControllerEpoch:1), [__samza_coordinator_wikipedia-parser_1,0] -> (Leader:0,ISR:0,LeaderEpoch:0,ControllerEpoch:1)) (kafka.controller.PartitionStateMachine)
[2018-04-08 14:08:07,855] DEBUG [OfflinePartitionLeaderSelector]: Some broker in ISR is alive for [wikipedia-stats-changelog,0]. Select 0 from ISR 0 to be the leader. (kafka.controller.OfflinePartitionLeaderSelector)
[2018-04-08 14:08:07,855] INFO [OfflinePartitionLeaderSelector]: Selected new leader and ISR {"leader":0,"leader_epoch":1,"isr":[0]} for offline partition [wikipedia-stats-changelog,0] (kafka.controller.OfflinePartitionLeaderSelector)
[2018-04-08 14:08:07,859] DEBUG [Partition state machine on Controller 0]: After leader election, leader cache is updated to Map([wikipedia-edits,0] -> (Leader:0,ISR:0,LeaderEpoch:1,ControllerEpoch:2), [__samza_coordinator_wikipedia-feed_1,0] -> (Leader:0,ISR:0,LeaderEpoch:1,ControllerEpoch:2), [__samza_coordinator_wikipedia-stats_1,0] -> (Leader:0,ISR:0,LeaderEpoch:1,ControllerEpoch:2), [wikipedia-stats,0] -> (Leader:0,ISR:0,LeaderEpoch:1,ControllerEpoch:2), [wikipedia-raw,0] -> (Leader:0,ISR:0,LeaderEpoch:1,ControllerEpoch:2), [wikipedia-application-1-window-statsWindow,0] -> (Leader:0,ISR:0,LeaderEpoch:1,ControllerEpoch:2), [metrics,0] -> (Leader:0,ISR:0,LeaderEpoch:1,ControllerEpoch:2), [wikipedia-stats-changelog,0] -> (Leader:0,ISR:0,LeaderEpoch:1,ControllerEpoch:2), [__samza_coordinator_wikipedia-application_1,0] -> (Leader:0,ISR:0,LeaderEpoch:0,ControllerEpoch:1), [__samza_coordinator_wikipedia-parser_1,0] -> (Leader:0,ISR:0,LeaderEpoch:0,ControllerEpoch:1)) (kafka.controller.PartitionStateMachine)
[2018-04-08 14:08:07,907] DEBUG [OfflinePartitionLeaderSelector]: Some broker in ISR is alive for [__samza_coordinator_wikipedia-application_1,0]. Select 0 from ISR 0 to be the leader. (kafka.controller.OfflinePartitionLeaderSelector)
[2018-04-08 14:08:07,907] INFO [OfflinePartitionLeaderSelector]: Selected new leader and ISR {"leader":0,"leader_epoch":1,"isr":[0]} for offline partition [__samza_coordinator_wikipedia-application_1,0] (kafka.controller.OfflinePartitionLeaderSelector)
[2018-04-08 14:08:07,912] DEBUG [Partition state machine on Controller 0]: After leader election, leader cache is updated to Map([wikipedia-edits,0] -> (Leader:0,ISR:0,LeaderEpoch:1,ControllerEpoch:2), [__samza_coordinator_wikipedia-feed_1,0] -> (Leader:0,ISR:0,LeaderEpoch:1,ControllerEpoch:2), [__samza_coordinator_wikipedia-stats_1,0] -> (Leader:0,ISR:0,LeaderEpoch:1,ControllerEpoch:2), [wikipedia-stats,0] -> (Leader:0,ISR:0,LeaderEpoch:1,ControllerEpoch:2), [wikipedia-raw,0] -> (Leader:0,ISR:0,LeaderEpoch:1,ControllerEpoch:2), [wikipedia-application-1-window-statsWindow,0] -> (Leader:0,ISR:0,LeaderEpoch:1,ControllerEpoch:2), [metrics,0] -> (Leader:0,ISR:0,LeaderEpoch:1,ControllerEpoch:2), [wikipedia-stats-changelog,0] -> (Leader:0,ISR:0,LeaderEpoch:1,ControllerEpoch:2), [__samza_coordinator_wikipedia-application_1,0] -> (Leader:0,ISR:0,LeaderEpoch:1,ControllerEpoch:2), [__samza_coordinator_wikipedia-parser_1,0] -> (Leader:0,ISR:0,LeaderEpoch:0,ControllerEpoch:1)) (kafka.controller.PartitionStateMachine)
[2018-04-08 14:08:07,926] DEBUG [OfflinePartitionLeaderSelector]: Some broker in ISR is alive for [__samza_coordinator_wikipedia-parser_1,0]. Select 0 from ISR 0 to be the leader. (kafka.controller.OfflinePartitionLeaderSelector)
[2018-04-08 14:08:07,927] INFO [OfflinePartitionLeaderSelector]: Selected new leader and ISR {"leader":0,"leader_epoch":1,"isr":[0]} for offline partition [__samza_coordinator_wikipedia-parser_1,0] (kafka.controller.OfflinePartitionLeaderSelector)
[2018-04-08 14:08:07,932] DEBUG [Partition state machine on Controller 0]: After leader election, leader cache is updated to Map([wikipedia-edits,0] -> (Leader:0,ISR:0,LeaderEpoch:1,ControllerEpoch:2), [__samza_coordinator_wikipedia-feed_1,0] -> (Leader:0,ISR:0,LeaderEpoch:1,ControllerEpoch:2), [__samza_coordinator_wikipedia-stats_1,0] -> (Leader:0,ISR:0,LeaderEpoch:1,ControllerEpoch:2), [wikipedia-stats,0] -> (Leader:0,ISR:0,LeaderEpoch:1,ControllerEpoch:2), [wikipedia-raw,0] -> (Leader:0,ISR:0,LeaderEpoch:1,ControllerEpoch:2), [wikipedia-application-1-window-statsWindow,0] -> (Leader:0,ISR:0,LeaderEpoch:1,ControllerEpoch:2), [metrics,0] -> (Leader:0,ISR:0,LeaderEpoch:1,ControllerEpoch:2), [wikipedia-stats-changelog,0] -> (Leader:0,ISR:0,LeaderEpoch:1,ControllerEpoch:2), [__samza_coordinator_wikipedia-application_1,0] -> (Leader:0,ISR:0,LeaderEpoch:1,ControllerEpoch:2), [__samza_coordinator_wikipedia-parser_1,0] -> (Leader:0,ISR:0,LeaderEpoch:1,ControllerEpoch:2)) (kafka.controller.PartitionStateMachine)
[2018-04-08 14:08:07,950] DEBUG [DeleteTopicsListener on Controller 0]: Delete topics listener fired for topics  to be deleted (kafka.controller.PartitionStateMachine$DeleteTopicsListener)
[2018-04-08 14:08:07,957] DEBUG [TopicChangeListener on Controller 0]: Topic change listener fired for path /brokers/topics with children __samza_coordinator_wikipedia-feed_1,__samza_coordinator_wikipedia-application_1,__samza_coordinator_wikipedia-stats_1,wikipedia-raw,wikipedia-edits,metrics,__samza_coordinator_wikipedia-parser_1,wikipedia-stats-changelog,wikipedia-stats,wikipedia-application-1-window-statsWindow (kafka.controller.PartitionStateMachine$TopicChangeListener)
[2018-04-08 14:08:07,959] INFO [TopicChangeListener on Controller 0]: New topics: [Set()], deleted topics: [Set()], new partition replica assignment [Map()] (kafka.controller.PartitionStateMachine$TopicChangeListener)
[2018-04-08 14:08:07,969] INFO [AddPartitionsListener on Controller 0]: Partition modification triggered {"version":1,"partitions":{"0":[0]}} for path /brokers/topics/wikipedia-stats-changelog (kafka.controller.PartitionStateMachine$PartitionModificationsListener)
[2018-04-08 14:08:07,982] INFO [AddPartitionsListener on Controller 0]: Partition modification triggered {"version":1,"partitions":{"0":[0]}} for path /brokers/topics/__samza_coordinator_wikipedia-feed_1 (kafka.controller.PartitionStateMachine$PartitionModificationsListener)
[2018-04-08 14:08:08,005] INFO [AddPartitionsListener on Controller 0]: Partition modification triggered {"version":1,"partitions":{"0":[0]}} for path /brokers/topics/metrics (kafka.controller.PartitionStateMachine$PartitionModificationsListener)
[2018-04-08 14:08:08,067] INFO [AddPartitionsListener on Controller 0]: Partition modification triggered {"version":1,"partitions":{"0":[0]}} for path /brokers/topics/__samza_coordinator_wikipedia-parser_1 (kafka.controller.PartitionStateMachine$PartitionModificationsListener)
[2018-04-08 14:08:08,074] INFO [AddPartitionsListener on Controller 0]: Partition modification triggered {"version":1,"partitions":{"0":[0]}} for path /brokers/topics/__samza_coordinator_wikipedia-application_1 (kafka.controller.PartitionStateMachine$PartitionModificationsListener)
[2018-04-08 14:08:08,086] INFO [AddPartitionsListener on Controller 0]: Partition modification triggered {"version":1,"partitions":{"0":[0]}} for path /brokers/topics/__samza_coordinator_wikipedia-stats_1 (kafka.controller.PartitionStateMachine$PartitionModificationsListener)
[2018-04-08 14:08:08,095] INFO [AddPartitionsListener on Controller 0]: Partition modification triggered {"version":1,"partitions":{"0":[0]}} for path /brokers/topics/wikipedia-raw (kafka.controller.PartitionStateMachine$PartitionModificationsListener)
[2018-04-08 14:08:08,112] INFO [AddPartitionsListener on Controller 0]: Partition modification triggered {"version":1,"partitions":{"0":[0]}} for path /brokers/topics/wikipedia-application-1-window-statsWindow (kafka.controller.PartitionStateMachine$PartitionModificationsListener)
[2018-04-08 14:08:08,121] INFO [AddPartitionsListener on Controller 0]: Partition modification triggered {"version":1,"partitions":{"0":[0]}} for path /brokers/topics/wikipedia-stats (kafka.controller.PartitionStateMachine$PartitionModificationsListener)
[2018-04-08 14:08:08,131] INFO [AddPartitionsListener on Controller 0]: Partition modification triggered {"version":1,"partitions":{"0":[0]}} for path /brokers/topics/wikipedia-edits (kafka.controller.PartitionStateMachine$PartitionModificationsListener)
[2018-04-08 14:08:08,139] INFO [BrokerChangeListener on Controller 0]: Broker change listener fired for path /brokers/ids with children 0 (kafka.controller.ReplicaStateMachine$BrokerChangeListener)
[2018-04-08 14:08:08,187] INFO [BrokerChangeListener on Controller 0]: Newly added brokers: , deleted brokers: , all live brokers: 0 (kafka.controller.ReplicaStateMachine$BrokerChangeListener)
[2018-04-08 14:08:37,608] WARN [Controller-0-to-broker-0-send-thread], Controller 0's connection to broker fe80:0:0:0:a77d:dce4:67ae:87d8%13:9092 (id: 0 rack: null) was unsuccessful (kafka.controller.RequestSendThread)
java.net.SocketTimeoutException: Failed to connect within 30000 ms
	at kafka.controller.RequestSendThread.brokerReady(ControllerChannelManager.scala:237)
	at kafka.controller.RequestSendThread.liftedTree1$1(ControllerChannelManager.scala:189)
	at kafka.controller.RequestSendThread.doWork(ControllerChannelManager.scala:188)
	at kafka.utils.ShutdownableThread.run(ShutdownableThread.scala:63)
[2018-04-08 14:09:07,714] WARN [Controller-0-to-broker-0-send-thread], Controller 0's connection to broker fe80:0:0:0:a77d:dce4:67ae:87d8%13:9092 (id: 0 rack: null) was unsuccessful (kafka.controller.RequestSendThread)
java.net.SocketTimeoutException: Failed to connect within 30000 ms
	at kafka.controller.RequestSendThread.brokerReady(ControllerChannelManager.scala:237)
	at kafka.controller.RequestSendThread.liftedTree1$1(ControllerChannelManager.scala:189)
	at kafka.controller.RequestSendThread.doWork(ControllerChannelManager.scala:188)
	at kafka.utils.ShutdownableThread.run(ShutdownableThread.scala:63)
[2018-04-08 14:09:37,819] WARN [Controller-0-to-broker-0-send-thread], Controller 0's connection to broker fe80:0:0:0:a77d:dce4:67ae:87d8%13:9092 (id: 0 rack: null) was unsuccessful (kafka.controller.RequestSendThread)
java.net.SocketTimeoutException: Failed to connect within 30000 ms
	at kafka.controller.RequestSendThread.brokerReady(ControllerChannelManager.scala:237)
	at kafka.controller.RequestSendThread.liftedTree1$1(ControllerChannelManager.scala:189)
	at kafka.controller.RequestSendThread.doWork(ControllerChannelManager.scala:188)
	at kafka.utils.ShutdownableThread.run(ShutdownableThread.scala:63)
[2018-04-08 14:10:07,921] WARN [Controller-0-to-broker-0-send-thread], Controller 0's connection to broker fe80:0:0:0:a77d:dce4:67ae:87d8%13:9092 (id: 0 rack: null) was unsuccessful (kafka.controller.RequestSendThread)
java.net.SocketTimeoutException: Failed to connect within 30000 ms
	at kafka.controller.RequestSendThread.brokerReady(ControllerChannelManager.scala:237)
	at kafka.controller.RequestSendThread.liftedTree1$1(ControllerChannelManager.scala:189)
	at kafka.controller.RequestSendThread.doWork(ControllerChannelManager.scala:188)
	at kafka.utils.ShutdownableThread.run(ShutdownableThread.scala:63)
[2018-04-08 14:10:38,030] WARN [Controller-0-to-broker-0-send-thread], Controller 0's connection to broker fe80:0:0:0:a77d:dce4:67ae:87d8%13:9092 (id: 0 rack: null) was unsuccessful (kafka.controller.RequestSendThread)
java.net.SocketTimeoutException: Failed to connect within 30000 ms
	at kafka.controller.RequestSendThread.brokerReady(ControllerChannelManager.scala:237)
	at kafka.controller.RequestSendThread.liftedTree1$1(ControllerChannelManager.scala:189)
	at kafka.controller.RequestSendThread.doWork(ControllerChannelManager.scala:188)
	at kafka.utils.ShutdownableThread.run(ShutdownableThread.scala:63)
[2018-04-08 14:11:08,139] WARN [Controller-0-to-broker-0-send-thread], Controller 0's connection to broker fe80:0:0:0:a77d:dce4:67ae:87d8%13:9092 (id: 0 rack: null) was unsuccessful (kafka.controller.RequestSendThread)
java.net.SocketTimeoutException: Failed to connect within 30000 ms
	at kafka.controller.RequestSendThread.brokerReady(ControllerChannelManager.scala:237)
	at kafka.controller.RequestSendThread.liftedTree1$1(ControllerChannelManager.scala:189)
	at kafka.controller.RequestSendThread.doWork(ControllerChannelManager.scala:188)
	at kafka.utils.ShutdownableThread.run(ShutdownableThread.scala:63)
[2018-04-08 14:11:38,244] WARN [Controller-0-to-broker-0-send-thread], Controller 0's connection to broker fe80:0:0:0:a77d:dce4:67ae:87d8%13:9092 (id: 0 rack: null) was unsuccessful (kafka.controller.RequestSendThread)
java.net.SocketTimeoutException: Failed to connect within 30000 ms
	at kafka.controller.RequestSendThread.brokerReady(ControllerChannelManager.scala:237)
	at kafka.controller.RequestSendThread.liftedTree1$1(ControllerChannelManager.scala:189)
	at kafka.controller.RequestSendThread.doWork(ControllerChannelManager.scala:188)
	at kafka.utils.ShutdownableThread.run(ShutdownableThread.scala:63)
[2018-04-08 14:12:08,349] WARN [Controller-0-to-broker-0-send-thread], Controller 0's connection to broker fe80:0:0:0:a77d:dce4:67ae:87d8%13:9092 (id: 0 rack: null) was unsuccessful (kafka.controller.RequestSendThread)
java.net.SocketTimeoutException: Failed to connect within 30000 ms
	at kafka.controller.RequestSendThread.brokerReady(ControllerChannelManager.scala:237)
	at kafka.controller.RequestSendThread.liftedTree1$1(ControllerChannelManager.scala:189)
	at kafka.controller.RequestSendThread.doWork(ControllerChannelManager.scala:188)
	at kafka.utils.ShutdownableThread.run(ShutdownableThread.scala:63)
[2018-04-08 14:12:38,455] WARN [Controller-0-to-broker-0-send-thread], Controller 0's connection to broker fe80:0:0:0:a77d:dce4:67ae:87d8%13:9092 (id: 0 rack: null) was unsuccessful (kafka.controller.RequestSendThread)
java.net.SocketTimeoutException: Failed to connect within 30000 ms
	at kafka.controller.RequestSendThread.brokerReady(ControllerChannelManager.scala:237)
	at kafka.controller.RequestSendThread.liftedTree1$1(ControllerChannelManager.scala:189)
	at kafka.controller.RequestSendThread.doWork(ControllerChannelManager.scala:188)
	at kafka.utils.ShutdownableThread.run(ShutdownableThread.scala:63)
[2018-04-08 14:13:02,526] TRACE [Controller 0]: checking need to trigger partition rebalance (kafka.controller.KafkaController)
[2018-04-08 14:13:02,527] DEBUG [Controller 0]: preferred replicas by broker Map(0 -> Map([__samza_coordinator_wikipedia-feed_1,0] -> List(0), [wikipedia-edits,0] -> List(0), [wikipedia-stats,0] -> List(0), [__samza_coordinator_wikipedia-stats_1,0] -> List(0), [wikipedia-raw,0] -> List(0), [wikipedia-application-1-window-statsWindow,0] -> List(0), [metrics,0] -> List(0), [wikipedia-stats-changelog,0] -> List(0), [__samza_coordinator_wikipedia-application_1,0] -> List(0), [__samza_coordinator_wikipedia-parser_1,0] -> List(0))) (kafka.controller.KafkaController)
[2018-04-08 14:13:02,527] DEBUG [Controller 0]: topics not in preferred replica Map() (kafka.controller.KafkaController)
[2018-04-08 14:13:02,527] TRACE [Controller 0]: leader imbalance ratio for broker 0 is 0.000000 (kafka.controller.KafkaController)
[2018-04-08 14:13:08,560] WARN [Controller-0-to-broker-0-send-thread], Controller 0's connection to broker fe80:0:0:0:a77d:dce4:67ae:87d8%13:9092 (id: 0 rack: null) was unsuccessful (kafka.controller.RequestSendThread)
java.net.SocketTimeoutException: Failed to connect within 30000 ms
	at kafka.controller.RequestSendThread.brokerReady(ControllerChannelManager.scala:237)
	at kafka.controller.RequestSendThread.liftedTree1$1(ControllerChannelManager.scala:189)
	at kafka.controller.RequestSendThread.doWork(ControllerChannelManager.scala:188)
	at kafka.utils.ShutdownableThread.run(ShutdownableThread.scala:63)
[2018-04-08 14:13:38,666] WARN [Controller-0-to-broker-0-send-thread], Controller 0's connection to broker fe80:0:0:0:a77d:dce4:67ae:87d8%13:9092 (id: 0 rack: null) was unsuccessful (kafka.controller.RequestSendThread)
java.net.SocketTimeoutException: Failed to connect within 30000 ms
	at kafka.controller.RequestSendThread.brokerReady(ControllerChannelManager.scala:237)
	at kafka.controller.RequestSendThread.liftedTree1$1(ControllerChannelManager.scala:189)
	at kafka.controller.RequestSendThread.doWork(ControllerChannelManager.scala:188)
	at kafka.utils.ShutdownableThread.run(ShutdownableThread.scala:63)
[2018-04-08 14:14:08,774] WARN [Controller-0-to-broker-0-send-thread], Controller 0's connection to broker fe80:0:0:0:a77d:dce4:67ae:87d8%13:9092 (id: 0 rack: null) was unsuccessful (kafka.controller.RequestSendThread)
java.net.SocketTimeoutException: Failed to connect within 30000 ms
	at kafka.controller.RequestSendThread.brokerReady(ControllerChannelManager.scala:237)
	at kafka.controller.RequestSendThread.liftedTree1$1(ControllerChannelManager.scala:189)
	at kafka.controller.RequestSendThread.doWork(ControllerChannelManager.scala:188)
	at kafka.utils.ShutdownableThread.run(ShutdownableThread.scala:63)
[2018-04-08 14:14:38,877] WARN [Controller-0-to-broker-0-send-thread], Controller 0's connection to broker fe80:0:0:0:a77d:dce4:67ae:87d8%13:9092 (id: 0 rack: null) was unsuccessful (kafka.controller.RequestSendThread)
java.net.SocketTimeoutException: Failed to connect within 30000 ms
	at kafka.controller.RequestSendThread.brokerReady(ControllerChannelManager.scala:237)
	at kafka.controller.RequestSendThread.liftedTree1$1(ControllerChannelManager.scala:189)
	at kafka.controller.RequestSendThread.doWork(ControllerChannelManager.scala:188)
	at kafka.utils.ShutdownableThread.run(ShutdownableThread.scala:63)
[2018-04-08 14:15:08,982] WARN [Controller-0-to-broker-0-send-thread], Controller 0's connection to broker fe80:0:0:0:a77d:dce4:67ae:87d8%13:9092 (id: 0 rack: null) was unsuccessful (kafka.controller.RequestSendThread)
java.net.SocketTimeoutException: Failed to connect within 30000 ms
	at kafka.controller.RequestSendThread.brokerReady(ControllerChannelManager.scala:237)
	at kafka.controller.RequestSendThread.liftedTree1$1(ControllerChannelManager.scala:189)
	at kafka.controller.RequestSendThread.doWork(ControllerChannelManager.scala:188)
	at kafka.utils.ShutdownableThread.run(ShutdownableThread.scala:63)
[2018-04-08 14:15:39,088] WARN [Controller-0-to-broker-0-send-thread], Controller 0's connection to broker fe80:0:0:0:a77d:dce4:67ae:87d8%13:9092 (id: 0 rack: null) was unsuccessful (kafka.controller.RequestSendThread)
java.net.SocketTimeoutException: Failed to connect within 30000 ms
	at kafka.controller.RequestSendThread.brokerReady(ControllerChannelManager.scala:237)
	at kafka.controller.RequestSendThread.liftedTree1$1(ControllerChannelManager.scala:189)
	at kafka.controller.RequestSendThread.doWork(ControllerChannelManager.scala:188)
	at kafka.utils.ShutdownableThread.run(ShutdownableThread.scala:63)
[2018-04-08 14:16:09,198] WARN [Controller-0-to-broker-0-send-thread], Controller 0's connection to broker fe80:0:0:0:a77d:dce4:67ae:87d8%13:9092 (id: 0 rack: null) was unsuccessful (kafka.controller.RequestSendThread)
java.net.SocketTimeoutException: Failed to connect within 30000 ms
	at kafka.controller.RequestSendThread.brokerReady(ControllerChannelManager.scala:237)
	at kafka.controller.RequestSendThread.liftedTree1$1(ControllerChannelManager.scala:189)
	at kafka.controller.RequestSendThread.doWork(ControllerChannelManager.scala:188)
	at kafka.utils.ShutdownableThread.run(ShutdownableThread.scala:63)
[2018-04-08 14:16:39,305] WARN [Controller-0-to-broker-0-send-thread], Controller 0's connection to broker fe80:0:0:0:a77d:dce4:67ae:87d8%13:9092 (id: 0 rack: null) was unsuccessful (kafka.controller.RequestSendThread)
java.net.SocketTimeoutException: Failed to connect within 30000 ms
	at kafka.controller.RequestSendThread.brokerReady(ControllerChannelManager.scala:237)
	at kafka.controller.RequestSendThread.liftedTree1$1(ControllerChannelManager.scala:189)
	at kafka.controller.RequestSendThread.doWork(ControllerChannelManager.scala:188)
	at kafka.utils.ShutdownableThread.run(ShutdownableThread.scala:63)
[2018-04-08 14:17:09,409] WARN [Controller-0-to-broker-0-send-thread], Controller 0's connection to broker fe80:0:0:0:a77d:dce4:67ae:87d8%13:9092 (id: 0 rack: null) was unsuccessful (kafka.controller.RequestSendThread)
java.net.SocketTimeoutException: Failed to connect within 30000 ms
	at kafka.controller.RequestSendThread.brokerReady(ControllerChannelManager.scala:237)
	at kafka.controller.RequestSendThread.liftedTree1$1(ControllerChannelManager.scala:189)
	at kafka.controller.RequestSendThread.doWork(ControllerChannelManager.scala:188)
	at kafka.utils.ShutdownableThread.run(ShutdownableThread.scala:63)
[2018-04-08 14:17:39,515] WARN [Controller-0-to-broker-0-send-thread], Controller 0's connection to broker fe80:0:0:0:a77d:dce4:67ae:87d8%13:9092 (id: 0 rack: null) was unsuccessful (kafka.controller.RequestSendThread)
java.net.SocketTimeoutException: Failed to connect within 30000 ms
	at kafka.controller.RequestSendThread.brokerReady(ControllerChannelManager.scala:237)
	at kafka.controller.RequestSendThread.liftedTree1$1(ControllerChannelManager.scala:189)
	at kafka.controller.RequestSendThread.doWork(ControllerChannelManager.scala:188)
	at kafka.utils.ShutdownableThread.run(ShutdownableThread.scala:63)
[2018-04-08 14:18:02,532] TRACE [Controller 0]: checking need to trigger partition rebalance (kafka.controller.KafkaController)
[2018-04-08 14:18:02,532] DEBUG [Controller 0]: preferred replicas by broker Map(0 -> Map([__samza_coordinator_wikipedia-feed_1,0] -> List(0), [wikipedia-edits,0] -> List(0), [wikipedia-stats,0] -> List(0), [__samza_coordinator_wikipedia-stats_1,0] -> List(0), [wikipedia-raw,0] -> List(0), [wikipedia-application-1-window-statsWindow,0] -> List(0), [metrics,0] -> List(0), [wikipedia-stats-changelog,0] -> List(0), [__samza_coordinator_wikipedia-application_1,0] -> List(0), [__samza_coordinator_wikipedia-parser_1,0] -> List(0))) (kafka.controller.KafkaController)
[2018-04-08 14:18:02,533] DEBUG [Controller 0]: topics not in preferred replica Map() (kafka.controller.KafkaController)
[2018-04-08 14:18:02,533] TRACE [Controller 0]: leader imbalance ratio for broker 0 is 0.000000 (kafka.controller.KafkaController)
[2018-04-08 14:18:09,624] WARN [Controller-0-to-broker-0-send-thread], Controller 0's connection to broker fe80:0:0:0:a77d:dce4:67ae:87d8%13:9092 (id: 0 rack: null) was unsuccessful (kafka.controller.RequestSendThread)
java.net.SocketTimeoutException: Failed to connect within 30000 ms
	at kafka.controller.RequestSendThread.brokerReady(ControllerChannelManager.scala:237)
	at kafka.controller.RequestSendThread.liftedTree1$1(ControllerChannelManager.scala:189)
	at kafka.controller.RequestSendThread.doWork(ControllerChannelManager.scala:188)
	at kafka.utils.ShutdownableThread.run(ShutdownableThread.scala:63)
[2018-04-08 14:18:39,733] WARN [Controller-0-to-broker-0-send-thread], Controller 0's connection to broker fe80:0:0:0:a77d:dce4:67ae:87d8%13:9092 (id: 0 rack: null) was unsuccessful (kafka.controller.RequestSendThread)
java.net.SocketTimeoutException: Failed to connect within 30000 ms
	at kafka.controller.RequestSendThread.brokerReady(ControllerChannelManager.scala:237)
	at kafka.controller.RequestSendThread.liftedTree1$1(ControllerChannelManager.scala:189)
	at kafka.controller.RequestSendThread.doWork(ControllerChannelManager.scala:188)
	at kafka.utils.ShutdownableThread.run(ShutdownableThread.scala:63)
[2018-04-08 14:19:09,841] WARN [Controller-0-to-broker-0-send-thread], Controller 0's connection to broker fe80:0:0:0:a77d:dce4:67ae:87d8%13:9092 (id: 0 rack: null) was unsuccessful (kafka.controller.RequestSendThread)
java.net.SocketTimeoutException: Failed to connect within 30000 ms
	at kafka.controller.RequestSendThread.brokerReady(ControllerChannelManager.scala:237)
	at kafka.controller.RequestSendThread.liftedTree1$1(ControllerChannelManager.scala:189)
	at kafka.controller.RequestSendThread.doWork(ControllerChannelManager.scala:188)
	at kafka.utils.ShutdownableThread.run(ShutdownableThread.scala:63)
[2018-04-08 14:19:39,950] WARN [Controller-0-to-broker-0-send-thread], Controller 0's connection to broker fe80:0:0:0:a77d:dce4:67ae:87d8%13:9092 (id: 0 rack: null) was unsuccessful (kafka.controller.RequestSendThread)
java.net.SocketTimeoutException: Failed to connect within 30000 ms
	at kafka.controller.RequestSendThread.brokerReady(ControllerChannelManager.scala:237)
	at kafka.controller.RequestSendThread.liftedTree1$1(ControllerChannelManager.scala:189)
	at kafka.controller.RequestSendThread.doWork(ControllerChannelManager.scala:188)
	at kafka.utils.ShutdownableThread.run(ShutdownableThread.scala:63)
[2018-04-08 14:20:10,058] WARN [Controller-0-to-broker-0-send-thread], Controller 0's connection to broker fe80:0:0:0:a77d:dce4:67ae:87d8%13:9092 (id: 0 rack: null) was unsuccessful (kafka.controller.RequestSendThread)
java.net.SocketTimeoutException: Failed to connect within 30000 ms
	at kafka.controller.RequestSendThread.brokerReady(ControllerChannelManager.scala:237)
	at kafka.controller.RequestSendThread.liftedTree1$1(ControllerChannelManager.scala:189)
	at kafka.controller.RequestSendThread.doWork(ControllerChannelManager.scala:188)
	at kafka.utils.ShutdownableThread.run(ShutdownableThread.scala:63)
[2018-04-08 14:20:40,167] WARN [Controller-0-to-broker-0-send-thread], Controller 0's connection to broker fe80:0:0:0:a77d:dce4:67ae:87d8%13:9092 (id: 0 rack: null) was unsuccessful (kafka.controller.RequestSendThread)
java.net.SocketTimeoutException: Failed to connect within 30000 ms
	at kafka.controller.RequestSendThread.brokerReady(ControllerChannelManager.scala:237)
	at kafka.controller.RequestSendThread.liftedTree1$1(ControllerChannelManager.scala:189)
	at kafka.controller.RequestSendThread.doWork(ControllerChannelManager.scala:188)
	at kafka.utils.ShutdownableThread.run(ShutdownableThread.scala:63)
[2018-04-08 14:21:10,274] WARN [Controller-0-to-broker-0-send-thread], Controller 0's connection to broker fe80:0:0:0:a77d:dce4:67ae:87d8%13:9092 (id: 0 rack: null) was unsuccessful (kafka.controller.RequestSendThread)
java.net.SocketTimeoutException: Failed to connect within 30000 ms
	at kafka.controller.RequestSendThread.brokerReady(ControllerChannelManager.scala:237)
	at kafka.controller.RequestSendThread.liftedTree1$1(ControllerChannelManager.scala:189)
	at kafka.controller.RequestSendThread.doWork(ControllerChannelManager.scala:188)
	at kafka.utils.ShutdownableThread.run(ShutdownableThread.scala:63)
[2018-04-08 14:21:40,379] WARN [Controller-0-to-broker-0-send-thread], Controller 0's connection to broker fe80:0:0:0:a77d:dce4:67ae:87d8%13:9092 (id: 0 rack: null) was unsuccessful (kafka.controller.RequestSendThread)
java.net.SocketTimeoutException: Failed to connect within 30000 ms
	at kafka.controller.RequestSendThread.brokerReady(ControllerChannelManager.scala:237)
	at kafka.controller.RequestSendThread.liftedTree1$1(ControllerChannelManager.scala:189)
	at kafka.controller.RequestSendThread.doWork(ControllerChannelManager.scala:188)
	at kafka.utils.ShutdownableThread.run(ShutdownableThread.scala:63)
