[2018-04-07 18:36:53,785] INFO KafkaConfig values: 
	advertised.host.name = null
	advertised.listeners = null
	advertised.port = null
	authorizer.class.name = 
	auto.create.topics.enable = true
	auto.leader.rebalance.enable = true
	background.threads = 10
	broker.id = 0
	broker.id.generation.enable = true
	broker.rack = null
	compression.type = producer
	connections.max.idle.ms = 600000
	controlled.shutdown.enable = true
	controlled.shutdown.max.retries = 3
	controlled.shutdown.retry.backoff.ms = 5000
	controller.socket.timeout.ms = 30000
	create.topic.policy.class.name = null
	default.replication.factor = 1
	delete.topic.enable = false
	fetch.purgatory.purge.interval.requests = 1000
	group.max.session.timeout.ms = 300000
	group.min.session.timeout.ms = 6000
	host.name = 
	inter.broker.listener.name = null
	inter.broker.protocol.version = 0.10.2-IV0
	leader.imbalance.check.interval.seconds = 300
	leader.imbalance.per.broker.percentage = 10
	listener.security.protocol.map = SSL:SSL,SASL_PLAINTEXT:SASL_PLAINTEXT,TRACE:TRACE,SASL_SSL:SASL_SSL,PLAINTEXT:PLAINTEXT
	listeners = null
	log.cleaner.backoff.ms = 15000
	log.cleaner.dedupe.buffer.size = 134217728
	log.cleaner.delete.retention.ms = 86400000
	log.cleaner.enable = true
	log.cleaner.io.buffer.load.factor = 0.9
	log.cleaner.io.buffer.size = 524288
	log.cleaner.io.max.bytes.per.second = 1.7976931348623157E308
	log.cleaner.min.cleanable.ratio = 0.5
	log.cleaner.min.compaction.lag.ms = 0
	log.cleaner.threads = 1
	log.cleanup.policy = [delete]
	log.dir = /tmp/kafka-logs
	log.dirs = /tmp/kafka-logs
	log.flush.interval.messages = 9223372036854775807
	log.flush.interval.ms = null
	log.flush.offset.checkpoint.interval.ms = 60000
	log.flush.scheduler.interval.ms = 9223372036854775807
	log.index.interval.bytes = 4096
	log.index.size.max.bytes = 10485760
	log.message.format.version = 0.10.2-IV0
	log.message.timestamp.difference.max.ms = 9223372036854775807
	log.message.timestamp.type = CreateTime
	log.preallocate = false
	log.retention.bytes = -1
	log.retention.check.interval.ms = 300000
	log.retention.hours = 168
	log.retention.minutes = null
	log.retention.ms = null
	log.roll.hours = 168
	log.roll.jitter.hours = 0
	log.roll.jitter.ms = null
	log.roll.ms = null
	log.segment.bytes = 1073741824
	log.segment.delete.delay.ms = 60000
	max.connections.per.ip = 2147483647
	max.connections.per.ip.overrides = 
	message.max.bytes = 1000012
	metric.reporters = []
	metrics.num.samples = 2
	metrics.recording.level = INFO
	metrics.sample.window.ms = 30000
	min.insync.replicas = 1
	num.io.threads = 8
	num.network.threads = 3
	num.partitions = 1
	num.recovery.threads.per.data.dir = 1
	num.replica.fetchers = 1
	offset.metadata.max.bytes = 4096
	offsets.commit.required.acks = -1
	offsets.commit.timeout.ms = 5000
	offsets.load.buffer.size = 5242880
	offsets.retention.check.interval.ms = 600000
	offsets.retention.minutes = 1440
	offsets.topic.compression.codec = 0
	offsets.topic.num.partitions = 50
	offsets.topic.replication.factor = 3
	offsets.topic.segment.bytes = 104857600
	port = 9092
	principal.builder.class = class org.apache.kafka.common.security.auth.DefaultPrincipalBuilder
	producer.purgatory.purge.interval.requests = 1000
	queued.max.requests = 500
	quota.consumer.default = 9223372036854775807
	quota.producer.default = 9223372036854775807
	quota.window.num = 11
	quota.window.size.seconds = 1
	replica.fetch.backoff.ms = 1000
	replica.fetch.max.bytes = 1048576
	replica.fetch.min.bytes = 1
	replica.fetch.response.max.bytes = 10485760
	replica.fetch.wait.max.ms = 500
	replica.high.watermark.checkpoint.interval.ms = 5000
	replica.lag.time.max.ms = 10000
	replica.socket.receive.buffer.bytes = 65536
	replica.socket.timeout.ms = 30000
	replication.quota.window.num = 11
	replication.quota.window.size.seconds = 1
	request.timeout.ms = 30000
	reserved.broker.max.id = 1000
	sasl.enabled.mechanisms = [GSSAPI]
	sasl.kerberos.kinit.cmd = /usr/bin/kinit
	sasl.kerberos.min.time.before.relogin = 60000
	sasl.kerberos.principal.to.local.rules = [DEFAULT]
	sasl.kerberos.service.name = null
	sasl.kerberos.ticket.renew.jitter = 0.05
	sasl.kerberos.ticket.renew.window.factor = 0.8
	sasl.mechanism.inter.broker.protocol = GSSAPI
	security.inter.broker.protocol = PLAINTEXT
	socket.receive.buffer.bytes = 102400
	socket.request.max.bytes = 104857600
	socket.send.buffer.bytes = 102400
	ssl.cipher.suites = null
	ssl.client.auth = none
	ssl.enabled.protocols = [TLSv1.2, TLSv1.1, TLSv1]
	ssl.endpoint.identification.algorithm = null
	ssl.key.password = null
	ssl.keymanager.algorithm = SunX509
	ssl.keystore.location = null
	ssl.keystore.password = null
	ssl.keystore.type = JKS
	ssl.protocol = TLS
	ssl.provider = null
	ssl.secure.random.implementation = null
	ssl.trustmanager.algorithm = PKIX
	ssl.truststore.location = null
	ssl.truststore.password = null
	ssl.truststore.type = JKS
	unclean.leader.election.enable = true
	zookeeper.connect = localhost:2181
	zookeeper.connection.timeout.ms = 6000
	zookeeper.session.timeout.ms = 6000
	zookeeper.set.acl = false
	zookeeper.sync.time.ms = 2000
 (kafka.server.KafkaConfig)
[2018-04-07 18:36:53,820] INFO starting (kafka.server.KafkaServer)
[2018-04-07 18:36:53,822] INFO Connecting to zookeeper on localhost:2181 (kafka.server.KafkaServer)
[2018-04-07 18:36:53,841] INFO Starting ZkClient event thread. (org.I0Itec.zkclient.ZkEventThread)
[2018-04-07 18:36:58,852] INFO Client environment:zookeeper.version=3.4.9-1757313, built on 08/23/2016 06:50 GMT (org.apache.zookeeper.ZooKeeper)
[2018-04-07 18:36:58,852] INFO Client environment:host.name=192.168.0.27 (org.apache.zookeeper.ZooKeeper)
[2018-04-07 18:36:58,852] INFO Client environment:java.version=1.8.0_161 (org.apache.zookeeper.ZooKeeper)
[2018-04-07 18:36:58,852] INFO Client environment:java.vendor=Oracle Corporation (org.apache.zookeeper.ZooKeeper)
[2018-04-07 18:36:58,852] INFO Client environment:java.home=/Library/Java/JavaVirtualMachines/jdk1.8.0_161.jdk/Contents/Home/jre (org.apache.zookeeper.ZooKeeper)
[2018-04-07 18:36:58,852] INFO Client environment:java.class.path=:/Users/genreboy/IdeaProjects/samza-hello-samza/deploy/kafka/bin/../libs/aopalliance-repackaged-2.5.0-b05.jar:/Users/genreboy/IdeaProjects/samza-hello-samza/deploy/kafka/bin/../libs/argparse4j-0.7.0.jar:/Users/genreboy/IdeaProjects/samza-hello-samza/deploy/kafka/bin/../libs/connect-api-0.10.2.1.jar:/Users/genreboy/IdeaProjects/samza-hello-samza/deploy/kafka/bin/../libs/connect-file-0.10.2.1.jar:/Users/genreboy/IdeaProjects/samza-hello-samza/deploy/kafka/bin/../libs/connect-json-0.10.2.1.jar:/Users/genreboy/IdeaProjects/samza-hello-samza/deploy/kafka/bin/../libs/connect-runtime-0.10.2.1.jar:/Users/genreboy/IdeaProjects/samza-hello-samza/deploy/kafka/bin/../libs/connect-transforms-0.10.2.1.jar:/Users/genreboy/IdeaProjects/samza-hello-samza/deploy/kafka/bin/../libs/guava-18.0.jar:/Users/genreboy/IdeaProjects/samza-hello-samza/deploy/kafka/bin/../libs/hk2-api-2.5.0-b05.jar:/Users/genreboy/IdeaProjects/samza-hello-samza/deploy/kafka/bin/../libs/hk2-locator-2.5.0-b05.jar:/Users/genreboy/IdeaProjects/samza-hello-samza/deploy/kafka/bin/../libs/hk2-utils-2.5.0-b05.jar:/Users/genreboy/IdeaProjects/samza-hello-samza/deploy/kafka/bin/../libs/jackson-annotations-2.8.0.jar:/Users/genreboy/IdeaProjects/samza-hello-samza/deploy/kafka/bin/../libs/jackson-annotations-2.8.5.jar:/Users/genreboy/IdeaProjects/samza-hello-samza/deploy/kafka/bin/../libs/jackson-core-2.8.5.jar:/Users/genreboy/IdeaProjects/samza-hello-samza/deploy/kafka/bin/../libs/jackson-databind-2.8.5.jar:/Users/genreboy/IdeaProjects/samza-hello-samza/deploy/kafka/bin/../libs/jackson-jaxrs-base-2.8.5.jar:/Users/genreboy/IdeaProjects/samza-hello-samza/deploy/kafka/bin/../libs/jackson-jaxrs-json-provider-2.8.5.jar:/Users/genreboy/IdeaProjects/samza-hello-samza/deploy/kafka/bin/../libs/jackson-module-jaxb-annotations-2.8.5.jar:/Users/genreboy/IdeaProjects/samza-hello-samza/deploy/kafka/bin/../libs/javassist-3.20.0-GA.jar:/Users/genreboy/IdeaProjects/samza-hello-samza/deploy/kafka/bin/../libs/javax.annotation-api-1.2.jar:/Users/genreboy/IdeaProjects/samza-hello-samza/deploy/kafka/bin/../libs/javax.inject-1.jar:/Users/genreboy/IdeaProjects/samza-hello-samza/deploy/kafka/bin/../libs/javax.inject-2.5.0-b05.jar:/Users/genreboy/IdeaProjects/samza-hello-samza/deploy/kafka/bin/../libs/javax.servlet-api-3.1.0.jar:/Users/genreboy/IdeaProjects/samza-hello-samza/deploy/kafka/bin/../libs/javax.ws.rs-api-2.0.1.jar:/Users/genreboy/IdeaProjects/samza-hello-samza/deploy/kafka/bin/../libs/jersey-client-2.24.jar:/Users/genreboy/IdeaProjects/samza-hello-samza/deploy/kafka/bin/../libs/jersey-common-2.24.jar:/Users/genreboy/IdeaProjects/samza-hello-samza/deploy/kafka/bin/../libs/jersey-container-servlet-2.24.jar:/Users/genreboy/IdeaProjects/samza-hello-samza/deploy/kafka/bin/../libs/jersey-container-servlet-core-2.24.jar:/Users/genreboy/IdeaProjects/samza-hello-samza/deploy/kafka/bin/../libs/jersey-guava-2.24.jar:/Users/genreboy/IdeaProjects/samza-hello-samza/deploy/kafka/bin/../libs/jersey-media-jaxb-2.24.jar:/Users/genreboy/IdeaProjects/samza-hello-samza/deploy/kafka/bin/../libs/jersey-server-2.24.jar:/Users/genreboy/IdeaProjects/samza-hello-samza/deploy/kafka/bin/../libs/jetty-continuation-9.2.15.v20160210.jar:/Users/genreboy/IdeaProjects/samza-hello-samza/deploy/kafka/bin/../libs/jetty-http-9.2.15.v20160210.jar:/Users/genreboy/IdeaProjects/samza-hello-samza/deploy/kafka/bin/../libs/jetty-io-9.2.15.v20160210.jar:/Users/genreboy/IdeaProjects/samza-hello-samza/deploy/kafka/bin/../libs/jetty-security-9.2.15.v20160210.jar:/Users/genreboy/IdeaProjects/samza-hello-samza/deploy/kafka/bin/../libs/jetty-server-9.2.15.v20160210.jar:/Users/genreboy/IdeaProjects/samza-hello-samza/deploy/kafka/bin/../libs/jetty-servlet-9.2.15.v20160210.jar:/Users/genreboy/IdeaProjects/samza-hello-samza/deploy/kafka/bin/../libs/jetty-servlets-9.2.15.v20160210.jar:/Users/genreboy/IdeaProjects/samza-hello-samza/deploy/kafka/bin/../libs/jetty-util-9.2.15.v20160210.jar:/Users/genreboy/IdeaProjects/samza-hello-samza/deploy/kafka/bin/../libs/jopt-simple-5.0.3.jar:/Users/genreboy/IdeaProjects/samza-hello-samza/deploy/kafka/bin/../libs/kafka-clients-0.10.2.1.jar:/Users/genreboy/IdeaProjects/samza-hello-samza/deploy/kafka/bin/../libs/kafka-log4j-appender-0.10.2.1.jar:/Users/genreboy/IdeaProjects/samza-hello-samza/deploy/kafka/bin/../libs/kafka-streams-0.10.2.1.jar:/Users/genreboy/IdeaProjects/samza-hello-samza/deploy/kafka/bin/../libs/kafka-streams-examples-0.10.2.1.jar:/Users/genreboy/IdeaProjects/samza-hello-samza/deploy/kafka/bin/../libs/kafka-tools-0.10.2.1.jar:/Users/genreboy/IdeaProjects/samza-hello-samza/deploy/kafka/bin/../libs/kafka_2.11-0.10.2.1-sources.jar:/Users/genreboy/IdeaProjects/samza-hello-samza/deploy/kafka/bin/../libs/kafka_2.11-0.10.2.1-test-sources.jar:/Users/genreboy/IdeaProjects/samza-hello-samza/deploy/kafka/bin/../libs/kafka_2.11-0.10.2.1.jar:/Users/genreboy/IdeaProjects/samza-hello-samza/deploy/kafka/bin/../libs/log4j-1.2.17.jar:/Users/genreboy/IdeaProjects/samza-hello-samza/deploy/kafka/bin/../libs/lz4-1.3.0.jar:/Users/genreboy/IdeaProjects/samza-hello-samza/deploy/kafka/bin/../libs/metrics-core-2.2.0.jar:/Users/genreboy/IdeaProjects/samza-hello-samza/deploy/kafka/bin/../libs/osgi-resource-locator-1.0.1.jar:/Users/genreboy/IdeaProjects/samza-hello-samza/deploy/kafka/bin/../libs/reflections-0.9.10.jar:/Users/genreboy/IdeaProjects/samza-hello-samza/deploy/kafka/bin/../libs/rocksdbjni-5.0.1.jar:/Users/genreboy/IdeaProjects/samza-hello-samza/deploy/kafka/bin/../libs/scala-library-2.11.8.jar:/Users/genreboy/IdeaProjects/samza-hello-samza/deploy/kafka/bin/../libs/scala-parser-combinators_2.11-1.0.4.jar:/Users/genreboy/IdeaProjects/samza-hello-samza/deploy/kafka/bin/../libs/slf4j-api-1.7.21.jar:/Users/genreboy/IdeaProjects/samza-hello-samza/deploy/kafka/bin/../libs/slf4j-log4j12-1.7.21.jar:/Users/genreboy/IdeaProjects/samza-hello-samza/deploy/kafka/bin/../libs/snappy-java-1.1.2.6.jar:/Users/genreboy/IdeaProjects/samza-hello-samza/deploy/kafka/bin/../libs/validation-api-1.1.0.Final.jar:/Users/genreboy/IdeaProjects/samza-hello-samza/deploy/kafka/bin/../libs/zkclient-0.10.jar:/Users/genreboy/IdeaProjects/samza-hello-samza/deploy/kafka/bin/../libs/zookeeper-3.4.9.jar (org.apache.zookeeper.ZooKeeper)
[2018-04-07 18:36:58,852] INFO Client environment:java.library.path=/Users/genreboy/Library/Java/Extensions:/Library/Java/Extensions:/Network/Library/Java/Extensions:/System/Library/Java/Extensions:/usr/lib/java:. (org.apache.zookeeper.ZooKeeper)
[2018-04-07 18:36:58,852] INFO Client environment:java.io.tmpdir=/var/folders/x2/5y8y4z11431gv55l0_zg4lf00000gn/T/ (org.apache.zookeeper.ZooKeeper)
[2018-04-07 18:36:58,852] INFO Client environment:java.compiler=<NA> (org.apache.zookeeper.ZooKeeper)
[2018-04-07 18:36:58,852] INFO Client environment:os.name=Mac OS X (org.apache.zookeeper.ZooKeeper)
[2018-04-07 18:36:58,852] INFO Client environment:os.arch=x86_64 (org.apache.zookeeper.ZooKeeper)
[2018-04-07 18:36:58,852] INFO Client environment:os.version=10.12.6 (org.apache.zookeeper.ZooKeeper)
[2018-04-07 18:36:58,852] INFO Client environment:user.name=genreboy (org.apache.zookeeper.ZooKeeper)
[2018-04-07 18:36:58,852] INFO Client environment:user.home=/Users/genreboy (org.apache.zookeeper.ZooKeeper)
[2018-04-07 18:36:58,853] INFO Client environment:user.dir=/Users/genreboy/IdeaProjects/samza-hello-samza/deploy/kafka (org.apache.zookeeper.ZooKeeper)
[2018-04-07 18:36:58,854] INFO Initiating client connection, connectString=localhost:2181 sessionTimeout=6000 watcher=org.I0Itec.zkclient.ZkClient@795cd85e (org.apache.zookeeper.ZooKeeper)
[2018-04-07 18:36:58,869] INFO Waiting for keeper state SyncConnected (org.I0Itec.zkclient.ZkClient)
[2018-04-07 18:36:58,878] INFO Opening socket connection to server localhost/127.0.0.1:2181. Will not attempt to authenticate using SASL (unknown error) (org.apache.zookeeper.ClientCnxn)
[2018-04-07 18:36:58,894] INFO Socket connection established to localhost/127.0.0.1:2181, initiating session (org.apache.zookeeper.ClientCnxn)
[2018-04-07 18:36:58,912] INFO Session establishment complete on server localhost/127.0.0.1:2181, sessionid = 0x162a2756bed0000, negotiated timeout = 6000 (org.apache.zookeeper.ClientCnxn)
[2018-04-07 18:36:58,914] INFO zookeeper state changed (SyncConnected) (org.I0Itec.zkclient.ZkClient)
[2018-04-07 18:36:58,978] INFO Cluster ID = 5ynwABWpTiqXEaFmoPdYZg (kafka.server.KafkaServer)
[2018-04-07 18:36:58,980] WARN No meta.properties file under dir /tmp/kafka-logs/meta.properties (kafka.server.BrokerMetadataCheckpoint)
[2018-04-07 18:36:58,995] INFO [ThrottledRequestReaper-Fetch], Starting  (kafka.server.ClientQuotaManager$ThrottledRequestReaper)
[2018-04-07 18:36:59,006] INFO [ThrottledRequestReaper-Produce], Starting  (kafka.server.ClientQuotaManager$ThrottledRequestReaper)
[2018-04-07 18:36:59,027] INFO Log directory '/tmp/kafka-logs' not found, creating it. (kafka.log.LogManager)
[2018-04-07 18:36:59,034] INFO Loading logs. (kafka.log.LogManager)
[2018-04-07 18:36:59,038] INFO Logs loading complete in 4 ms. (kafka.log.LogManager)
[2018-04-07 18:36:59,109] INFO Starting log cleanup with a period of 300000 ms. (kafka.log.LogManager)
[2018-04-07 18:36:59,110] INFO Starting log flusher with a default period of 9223372036854775807 ms. (kafka.log.LogManager)
[2018-04-07 18:36:59,148] INFO Awaiting socket connections on 0.0.0.0:9092. (kafka.network.Acceptor)
[2018-04-07 18:36:59,150] INFO [Socket Server on Broker 0], Started 1 acceptor threads (kafka.network.SocketServer)
[2018-04-07 18:36:59,162] INFO [ExpirationReaper-0], Starting  (kafka.server.DelayedOperationPurgatory$ExpiredOperationReaper)
[2018-04-07 18:36:59,163] INFO [ExpirationReaper-0], Starting  (kafka.server.DelayedOperationPurgatory$ExpiredOperationReaper)
[2018-04-07 18:36:59,186] INFO Creating /controller (is it secure? false) (kafka.utils.ZKCheckedEphemeral)
[2018-04-07 18:36:59,192] INFO Result of znode creation is: OK (kafka.utils.ZKCheckedEphemeral)
[2018-04-07 18:36:59,193] INFO 0 successfully elected as leader (kafka.server.ZookeeperLeaderElector)
[2018-04-07 18:36:59,245] INFO [ExpirationReaper-0], Starting  (kafka.server.DelayedOperationPurgatory$ExpiredOperationReaper)
[2018-04-07 18:36:59,247] INFO [ExpirationReaper-0], Starting  (kafka.server.DelayedOperationPurgatory$ExpiredOperationReaper)
[2018-04-07 18:36:59,248] INFO [ExpirationReaper-0], Starting  (kafka.server.DelayedOperationPurgatory$ExpiredOperationReaper)
[2018-04-07 18:36:59,256] INFO [GroupCoordinator 0]: Starting up. (kafka.coordinator.GroupCoordinator)
[2018-04-07 18:36:59,257] INFO [GroupCoordinator 0]: Startup complete. (kafka.coordinator.GroupCoordinator)
[2018-04-07 18:36:59,258] INFO [Group Metadata Manager on Broker 0]: Removed 0 expired offsets in 1 milliseconds. (kafka.coordinator.GroupMetadataManager)
[2018-04-07 18:36:59,271] INFO Will not load MX4J, mx4j-tools.jar is not in the classpath (kafka.utils.Mx4jLoader$)
[2018-04-07 18:36:59,292] INFO New leader is 0 (kafka.server.ZookeeperLeaderElector$LeaderChangeListener)
[2018-04-07 18:37:04,291] INFO Creating /brokers/ids/0 (is it secure? false) (kafka.utils.ZKCheckedEphemeral)
[2018-04-07 18:37:04,301] INFO Result of znode creation is: OK (kafka.utils.ZKCheckedEphemeral)
[2018-04-07 18:37:04,302] INFO Registered broker 0 at path /brokers/ids/0 with addresses: EndPoint(192.168.0.27,9092,ListenerName(PLAINTEXT),PLAINTEXT) (kafka.utils.ZkUtils)
[2018-04-07 18:37:04,303] WARN No meta.properties file under dir /tmp/kafka-logs/meta.properties (kafka.server.BrokerMetadataCheckpoint)
[2018-04-07 18:37:04,319] INFO Kafka version : 0.10.2.1 (org.apache.kafka.common.utils.AppInfoParser)
[2018-04-07 18:37:04,319] INFO Kafka commitId : e89bffd6b2eff799 (org.apache.kafka.common.utils.AppInfoParser)
[2018-04-07 18:37:04,320] INFO [Kafka Server 0], started (kafka.server.KafkaServer)
[2018-04-07 18:37:43,440] INFO Topic creation {"version":1,"partitions":{"0":[0]}} (kafka.admin.AdminUtils$)
[2018-04-07 18:37:43,443] INFO [KafkaApi-0] Auto creation of topic wikipedia-stats with 1 partitions and replication factor 1 is successful (kafka.server.KafkaApis)
[2018-04-07 18:37:43,509] INFO [ReplicaFetcherManager on broker 0] Removed fetcher for partitions wikipedia-stats-0 (kafka.server.ReplicaFetcherManager)
[2018-04-07 18:37:43,540] INFO Completed load of log wikipedia-stats-0 with 1 log segments and log end offset 0 in 20 ms (kafka.log.Log)
[2018-04-07 18:37:43,546] INFO Created log for partition [wikipedia-stats,0] in /tmp/kafka-logs with properties {compression.type -> producer, message.format.version -> 0.10.2-IV0, file.delete.delay.ms -> 60000, max.message.bytes -> 1000012, min.compaction.lag.ms -> 0, message.timestamp.type -> CreateTime, min.insync.replicas -> 1, segment.jitter.ms -> 0, preallocate -> false, min.cleanable.dirty.ratio -> 0.5, index.interval.bytes -> 4096, unclean.leader.election.enable -> true, retention.bytes -> -1, delete.retention.ms -> 86400000, cleanup.policy -> [delete], flush.ms -> 9223372036854775807, segment.ms -> 604800000, segment.bytes -> 1073741824, retention.ms -> 604800000, message.timestamp.difference.max.ms -> 9223372036854775807, segment.index.bytes -> 10485760, flush.messages -> 9223372036854775807}. (kafka.log.LogManager)
[2018-04-07 18:37:43,547] INFO Partition [wikipedia-stats,0] on broker 0: No checkpointed highwatermark is found for partition wikipedia-stats-0 (kafka.cluster.Partition)
[2018-04-07 18:37:49,478] INFO [ReplicaFetcherManager on broker 0] Removed fetcher for partitions __samza_coordinator_wikipedia-application_1-0 (kafka.server.ReplicaFetcherManager)
[2018-04-07 18:37:49,484] INFO Completed load of log __samza_coordinator_wikipedia-application_1-0 with 1 log segments and log end offset 0 in 2 ms (kafka.log.Log)
[2018-04-07 18:37:49,487] INFO Created log for partition [__samza_coordinator_wikipedia-application_1,0] in /tmp/kafka-logs with properties {compression.type -> producer, message.format.version -> 0.10.2-IV0, file.delete.delay.ms -> 60000, max.message.bytes -> 1000012, min.compaction.lag.ms -> 0, message.timestamp.type -> CreateTime, min.insync.replicas -> 1, segment.jitter.ms -> 0, preallocate -> false, min.cleanable.dirty.ratio -> 0.5, index.interval.bytes -> 4096, unclean.leader.election.enable -> true, retention.bytes -> -1, delete.retention.ms -> 86400000, cleanup.policy -> compact, flush.ms -> 9223372036854775807, segment.ms -> 604800000, segment.bytes -> 26214400, retention.ms -> 604800000, message.timestamp.difference.max.ms -> 9223372036854775807, segment.index.bytes -> 10485760, flush.messages -> 9223372036854775807}. (kafka.log.LogManager)
[2018-04-07 18:37:49,487] INFO Partition [__samza_coordinator_wikipedia-application_1,0] on broker 0: No checkpointed highwatermark is found for partition __samza_coordinator_wikipedia-application_1-0 (kafka.cluster.Partition)
[2018-04-07 18:42:46,883] INFO [ReplicaFetcherManager on broker 0] Removed fetcher for partitions wikipedia-stats-changelog-0 (kafka.server.ReplicaFetcherManager)
[2018-04-07 18:42:46,890] INFO Completed load of log wikipedia-stats-changelog-0 with 1 log segments and log end offset 0 in 2 ms (kafka.log.Log)
[2018-04-07 18:42:46,892] INFO Created log for partition [wikipedia-stats-changelog,0] in /tmp/kafka-logs with properties {compression.type -> producer, message.format.version -> 0.10.2-IV0, file.delete.delay.ms -> 60000, max.message.bytes -> 1000012, min.compaction.lag.ms -> 0, message.timestamp.type -> CreateTime, min.insync.replicas -> 1, segment.jitter.ms -> 0, preallocate -> false, min.cleanable.dirty.ratio -> 0.5, index.interval.bytes -> 4096, unclean.leader.election.enable -> true, retention.bytes -> -1, delete.retention.ms -> 86400000, cleanup.policy -> compact, flush.ms -> 9223372036854775807, segment.ms -> 604800000, segment.bytes -> 536870912, retention.ms -> 604800000, message.timestamp.difference.max.ms -> 9223372036854775807, segment.index.bytes -> 10485760, flush.messages -> 9223372036854775807}. (kafka.log.LogManager)
[2018-04-07 18:42:46,892] INFO Partition [wikipedia-stats-changelog,0] on broker 0: No checkpointed highwatermark is found for partition wikipedia-stats-changelog-0 (kafka.cluster.Partition)
[2018-04-07 18:42:47,023] INFO [ReplicaFetcherManager on broker 0] Removed fetcher for partitions wikipedia-application-1-window-statsWindow-0 (kafka.server.ReplicaFetcherManager)
[2018-04-07 18:42:47,026] INFO Completed load of log wikipedia-application-1-window-statsWindow-0 with 1 log segments and log end offset 0 in 1 ms (kafka.log.Log)
[2018-04-07 18:42:47,027] INFO Created log for partition [wikipedia-application-1-window-statsWindow,0] in /tmp/kafka-logs with properties {compression.type -> producer, message.format.version -> 0.10.2-IV0, file.delete.delay.ms -> 60000, max.message.bytes -> 1000012, min.compaction.lag.ms -> 0, message.timestamp.type -> CreateTime, min.insync.replicas -> 1, segment.jitter.ms -> 0, preallocate -> false, min.cleanable.dirty.ratio -> 0.5, index.interval.bytes -> 4096, unclean.leader.election.enable -> true, retention.bytes -> -1, delete.retention.ms -> 86400000, cleanup.policy -> compact, flush.ms -> 9223372036854775807, segment.ms -> 604800000, segment.bytes -> 536870912, retention.ms -> 604800000, message.timestamp.difference.max.ms -> 9223372036854775807, segment.index.bytes -> 10485760, flush.messages -> 9223372036854775807}. (kafka.log.LogManager)
[2018-04-07 18:42:47,027] INFO Partition [wikipedia-application-1-window-statsWindow,0] on broker 0: No checkpointed highwatermark is found for partition wikipedia-application-1-window-statsWindow-0 (kafka.cluster.Partition)
[2018-04-07 18:43:02,621] INFO Topic creation {"version":1,"partitions":{"0":[0]}} (kafka.admin.AdminUtils$)
[2018-04-07 18:43:02,622] INFO [KafkaApi-0] Auto creation of topic metrics with 1 partitions and replication factor 1 is successful (kafka.server.KafkaApis)
[2018-04-07 18:43:02,643] INFO [ReplicaFetcherManager on broker 0] Removed fetcher for partitions metrics-0 (kafka.server.ReplicaFetcherManager)
[2018-04-07 18:43:02,646] INFO Completed load of log metrics-0 with 1 log segments and log end offset 0 in 2 ms (kafka.log.Log)
[2018-04-07 18:43:02,647] INFO Created log for partition [metrics,0] in /tmp/kafka-logs with properties {compression.type -> producer, message.format.version -> 0.10.2-IV0, file.delete.delay.ms -> 60000, max.message.bytes -> 1000012, min.compaction.lag.ms -> 0, message.timestamp.type -> CreateTime, min.insync.replicas -> 1, segment.jitter.ms -> 0, preallocate -> false, min.cleanable.dirty.ratio -> 0.5, index.interval.bytes -> 4096, unclean.leader.election.enable -> true, retention.bytes -> -1, delete.retention.ms -> 86400000, cleanup.policy -> [delete], flush.ms -> 9223372036854775807, segment.ms -> 604800000, segment.bytes -> 1073741824, retention.ms -> 604800000, message.timestamp.difference.max.ms -> 9223372036854775807, segment.index.bytes -> 10485760, flush.messages -> 9223372036854775807}. (kafka.log.LogManager)
[2018-04-07 18:43:02,647] INFO Partition [metrics,0] on broker 0: No checkpointed highwatermark is found for partition metrics-0 (kafka.cluster.Partition)
[2018-04-07 18:45:08,835] INFO [ReplicaFetcherManager on broker 0] Removed fetcher for partitions __samza_coordinator_wikipedia-feed_1-0 (kafka.server.ReplicaFetcherManager)
[2018-04-07 18:45:08,849] INFO Completed load of log __samza_coordinator_wikipedia-feed_1-0 with 1 log segments and log end offset 0 in 11 ms (kafka.log.Log)
[2018-04-07 18:45:08,850] INFO Created log for partition [__samza_coordinator_wikipedia-feed_1,0] in /tmp/kafka-logs with properties {compression.type -> producer, message.format.version -> 0.10.2-IV0, file.delete.delay.ms -> 60000, max.message.bytes -> 1000012, min.compaction.lag.ms -> 0, message.timestamp.type -> CreateTime, min.insync.replicas -> 1, segment.jitter.ms -> 0, preallocate -> false, min.cleanable.dirty.ratio -> 0.5, index.interval.bytes -> 4096, unclean.leader.election.enable -> true, retention.bytes -> -1, delete.retention.ms -> 86400000, cleanup.policy -> compact, flush.ms -> 9223372036854775807, segment.ms -> 604800000, segment.bytes -> 26214400, retention.ms -> 604800000, message.timestamp.difference.max.ms -> 9223372036854775807, segment.index.bytes -> 10485760, flush.messages -> 9223372036854775807}. (kafka.log.LogManager)
[2018-04-07 18:45:08,851] INFO Partition [__samza_coordinator_wikipedia-feed_1,0] on broker 0: No checkpointed highwatermark is found for partition __samza_coordinator_wikipedia-feed_1-0 (kafka.cluster.Partition)
[2018-04-07 18:45:52,911] INFO [ReplicaFetcherManager on broker 0] Removed fetcher for partitions __samza_coordinator_wikipedia-parser_1-0 (kafka.server.ReplicaFetcherManager)
[2018-04-07 18:45:52,916] INFO Completed load of log __samza_coordinator_wikipedia-parser_1-0 with 1 log segments and log end offset 0 in 1 ms (kafka.log.Log)
[2018-04-07 18:45:52,917] INFO Created log for partition [__samza_coordinator_wikipedia-parser_1,0] in /tmp/kafka-logs with properties {compression.type -> producer, message.format.version -> 0.10.2-IV0, file.delete.delay.ms -> 60000, max.message.bytes -> 1000012, min.compaction.lag.ms -> 0, message.timestamp.type -> CreateTime, min.insync.replicas -> 1, segment.jitter.ms -> 0, preallocate -> false, min.cleanable.dirty.ratio -> 0.5, index.interval.bytes -> 4096, unclean.leader.election.enable -> true, retention.bytes -> -1, delete.retention.ms -> 86400000, cleanup.policy -> compact, flush.ms -> 9223372036854775807, segment.ms -> 604800000, segment.bytes -> 26214400, retention.ms -> 604800000, message.timestamp.difference.max.ms -> 9223372036854775807, segment.index.bytes -> 10485760, flush.messages -> 9223372036854775807}. (kafka.log.LogManager)
[2018-04-07 18:45:52,918] INFO Partition [__samza_coordinator_wikipedia-parser_1,0] on broker 0: No checkpointed highwatermark is found for partition __samza_coordinator_wikipedia-parser_1-0 (kafka.cluster.Partition)
[2018-04-07 18:46:20,588] INFO [ReplicaFetcherManager on broker 0] Removed fetcher for partitions __samza_coordinator_wikipedia-stats_1-0 (kafka.server.ReplicaFetcherManager)
[2018-04-07 18:46:20,601] INFO Completed load of log __samza_coordinator_wikipedia-stats_1-0 with 1 log segments and log end offset 0 in 10 ms (kafka.log.Log)
[2018-04-07 18:46:20,602] INFO Created log for partition [__samza_coordinator_wikipedia-stats_1,0] in /tmp/kafka-logs with properties {compression.type -> producer, message.format.version -> 0.10.2-IV0, file.delete.delay.ms -> 60000, max.message.bytes -> 1000012, min.compaction.lag.ms -> 0, message.timestamp.type -> CreateTime, min.insync.replicas -> 1, segment.jitter.ms -> 0, preallocate -> false, min.cleanable.dirty.ratio -> 0.5, index.interval.bytes -> 4096, unclean.leader.election.enable -> true, retention.bytes -> -1, delete.retention.ms -> 86400000, cleanup.policy -> compact, flush.ms -> 9223372036854775807, segment.ms -> 604800000, segment.bytes -> 26214400, retention.ms -> 604800000, message.timestamp.difference.max.ms -> 9223372036854775807, segment.index.bytes -> 10485760, flush.messages -> 9223372036854775807}. (kafka.log.LogManager)
[2018-04-07 18:46:20,602] INFO Partition [__samza_coordinator_wikipedia-stats_1,0] on broker 0: No checkpointed highwatermark is found for partition __samza_coordinator_wikipedia-stats_1-0 (kafka.cluster.Partition)
[2018-04-07 18:46:59,264] INFO [Group Metadata Manager on Broker 0]: Removed 0 expired offsets in 0 milliseconds. (kafka.coordinator.GroupMetadataManager)
[2018-04-07 18:47:24,202] INFO Topic creation {"version":1,"partitions":{"0":[0]}} (kafka.admin.AdminUtils$)
[2018-04-07 18:47:24,204] INFO [KafkaApi-0] Auto creation of topic wikipedia-raw with 1 partitions and replication factor 1 is successful (kafka.server.KafkaApis)
[2018-04-07 18:47:24,213] INFO [ReplicaFetcherManager on broker 0] Removed fetcher for partitions wikipedia-raw-0 (kafka.server.ReplicaFetcherManager)
[2018-04-07 18:47:24,215] INFO Completed load of log wikipedia-raw-0 with 1 log segments and log end offset 0 in 1 ms (kafka.log.Log)
[2018-04-07 18:47:24,215] INFO Created log for partition [wikipedia-raw,0] in /tmp/kafka-logs with properties {compression.type -> producer, message.format.version -> 0.10.2-IV0, file.delete.delay.ms -> 60000, max.message.bytes -> 1000012, min.compaction.lag.ms -> 0, message.timestamp.type -> CreateTime, min.insync.replicas -> 1, segment.jitter.ms -> 0, preallocate -> false, min.cleanable.dirty.ratio -> 0.5, index.interval.bytes -> 4096, unclean.leader.election.enable -> true, retention.bytes -> -1, delete.retention.ms -> 86400000, cleanup.policy -> [delete], flush.ms -> 9223372036854775807, segment.ms -> 604800000, segment.bytes -> 1073741824, retention.ms -> 604800000, message.timestamp.difference.max.ms -> 9223372036854775807, segment.index.bytes -> 10485760, flush.messages -> 9223372036854775807}. (kafka.log.LogManager)
[2018-04-07 18:47:24,216] INFO Partition [wikipedia-raw,0] on broker 0: No checkpointed highwatermark is found for partition wikipedia-raw-0 (kafka.cluster.Partition)
[2018-04-07 18:48:41,894] INFO Topic creation {"version":1,"partitions":{"0":[0]}} (kafka.admin.AdminUtils$)
[2018-04-07 18:48:41,896] INFO [KafkaApi-0] Auto creation of topic wikipedia-edits with 1 partitions and replication factor 1 is successful (kafka.server.KafkaApis)
[2018-04-07 18:48:41,905] INFO [ReplicaFetcherManager on broker 0] Removed fetcher for partitions wikipedia-edits-0 (kafka.server.ReplicaFetcherManager)
[2018-04-07 18:48:41,917] INFO Completed load of log wikipedia-edits-0 with 1 log segments and log end offset 0 in 10 ms (kafka.log.Log)
[2018-04-07 18:48:41,918] INFO Created log for partition [wikipedia-edits,0] in /tmp/kafka-logs with properties {compression.type -> producer, message.format.version -> 0.10.2-IV0, file.delete.delay.ms -> 60000, max.message.bytes -> 1000012, min.compaction.lag.ms -> 0, message.timestamp.type -> CreateTime, min.insync.replicas -> 1, segment.jitter.ms -> 0, preallocate -> false, min.cleanable.dirty.ratio -> 0.5, index.interval.bytes -> 4096, unclean.leader.election.enable -> true, retention.bytes -> -1, delete.retention.ms -> 86400000, cleanup.policy -> [delete], flush.ms -> 9223372036854775807, segment.ms -> 604800000, segment.bytes -> 1073741824, retention.ms -> 604800000, message.timestamp.difference.max.ms -> 9223372036854775807, segment.index.bytes -> 10485760, flush.messages -> 9223372036854775807}. (kafka.log.LogManager)
[2018-04-07 18:48:41,918] INFO Partition [wikipedia-edits,0] on broker 0: No checkpointed highwatermark is found for partition wikipedia-edits-0 (kafka.cluster.Partition)
[2018-04-07 18:56:59,269] INFO [Group Metadata Manager on Broker 0]: Removed 0 expired offsets in 0 milliseconds. (kafka.coordinator.GroupMetadataManager)
[2018-04-07 19:06:59,270] INFO [Group Metadata Manager on Broker 0]: Removed 0 expired offsets in 0 milliseconds. (kafka.coordinator.GroupMetadataManager)
[2018-04-07 19:16:59,279] INFO [Group Metadata Manager on Broker 0]: Removed 0 expired offsets in 0 milliseconds. (kafka.coordinator.GroupMetadataManager)
[2018-04-07 19:26:59,283] INFO [Group Metadata Manager on Broker 0]: Removed 0 expired offsets in 0 milliseconds. (kafka.coordinator.GroupMetadataManager)
[2018-04-07 19:36:59,289] INFO [Group Metadata Manager on Broker 0]: Removed 0 expired offsets in 0 milliseconds. (kafka.coordinator.GroupMetadataManager)
[2018-04-07 19:46:59,293] INFO [Group Metadata Manager on Broker 0]: Removed 0 expired offsets in 0 milliseconds. (kafka.coordinator.GroupMetadataManager)
[2018-04-07 19:56:59,298] INFO [Group Metadata Manager on Broker 0]: Removed 0 expired offsets in 1 milliseconds. (kafka.coordinator.GroupMetadataManager)
[2018-04-07 20:06:59,302] INFO [Group Metadata Manager on Broker 0]: Removed 0 expired offsets in 1 milliseconds. (kafka.coordinator.GroupMetadataManager)
[2018-04-07 20:16:59,300] INFO [Group Metadata Manager on Broker 0]: Removed 0 expired offsets in 0 milliseconds. (kafka.coordinator.GroupMetadataManager)
[2018-04-07 20:26:59,313] INFO [Group Metadata Manager on Broker 0]: Removed 0 expired offsets in 0 milliseconds. (kafka.coordinator.GroupMetadataManager)
[2018-04-07 20:36:59,316] INFO [Group Metadata Manager on Broker 0]: Removed 0 expired offsets in 0 milliseconds. (kafka.coordinator.GroupMetadataManager)
[2018-04-07 20:46:59,312] INFO [Group Metadata Manager on Broker 0]: Removed 0 expired offsets in 0 milliseconds. (kafka.coordinator.GroupMetadataManager)
[2018-04-07 20:56:59,315] INFO [Group Metadata Manager on Broker 0]: Removed 0 expired offsets in 0 milliseconds. (kafka.coordinator.GroupMetadataManager)
[2018-04-07 21:06:59,326] INFO [Group Metadata Manager on Broker 0]: Removed 0 expired offsets in 0 milliseconds. (kafka.coordinator.GroupMetadataManager)
[2018-04-07 21:16:59,330] INFO [Group Metadata Manager on Broker 0]: Removed 0 expired offsets in 0 milliseconds. (kafka.coordinator.GroupMetadataManager)
[2018-04-07 21:26:59,326] INFO [Group Metadata Manager on Broker 0]: Removed 0 expired offsets in 0 milliseconds. (kafka.coordinator.GroupMetadataManager)
[2018-04-07 21:36:59,334] INFO [Group Metadata Manager on Broker 0]: Removed 0 expired offsets in 0 milliseconds. (kafka.coordinator.GroupMetadataManager)
[2018-04-07 21:46:59,340] INFO [Group Metadata Manager on Broker 0]: Removed 0 expired offsets in 0 milliseconds. (kafka.coordinator.GroupMetadataManager)
[2018-04-07 21:56:59,342] INFO [Group Metadata Manager on Broker 0]: Removed 0 expired offsets in 0 milliseconds. (kafka.coordinator.GroupMetadataManager)
[2018-04-08 14:07:52,900] WARN Client session timed out, have not heard from server in 57960791ms for sessionid 0x162a2756bed0000 (org.apache.zookeeper.ClientCnxn)
[2018-04-08 14:07:53,789] INFO Client session timed out, have not heard from server in 57960791ms for sessionid 0x162a2756bed0000, closing socket connection and attempting reconnect (org.apache.zookeeper.ClientCnxn)
[2018-04-08 14:07:54,335] INFO zookeeper state changed (Disconnected) (org.I0Itec.zkclient.ZkClient)
[2018-04-08 14:07:54,893] INFO Opening socket connection to server localhost/0:0:0:0:0:0:0:1:2181. Will not attempt to authenticate using SASL (unknown error) (org.apache.zookeeper.ClientCnxn)
[2018-04-08 14:07:54,898] INFO Socket connection established to localhost/0:0:0:0:0:0:0:1:2181, initiating session (org.apache.zookeeper.ClientCnxn)
[2018-04-08 14:07:54,922] INFO zookeeper state changed (Expired) (org.I0Itec.zkclient.ZkClient)
[2018-04-08 14:07:54,922] WARN Unable to reconnect to ZooKeeper service, session 0x162a2756bed0000 has expired (org.apache.zookeeper.ClientCnxn)
[2018-04-08 14:07:54,923] INFO Unable to reconnect to ZooKeeper service, session 0x162a2756bed0000 has expired, closing socket connection (org.apache.zookeeper.ClientCnxn)
[2018-04-08 14:07:54,924] INFO Initiating client connection, connectString=localhost:2181 sessionTimeout=6000 watcher=org.I0Itec.zkclient.ZkClient@795cd85e (org.apache.zookeeper.ZooKeeper)
[2018-04-08 14:07:54,953] INFO EventThread shut down for session: 0x162a2756bed0000 (org.apache.zookeeper.ClientCnxn)
[2018-04-08 14:07:55,194] INFO Opening socket connection to server localhost/127.0.0.1:2181. Will not attempt to authenticate using SASL (unknown error) (org.apache.zookeeper.ClientCnxn)
[2018-04-08 14:07:55,197] INFO Socket connection established to localhost/127.0.0.1:2181, initiating session (org.apache.zookeeper.ClientCnxn)
[2018-04-08 14:07:55,207] INFO Session establishment complete on server localhost/127.0.0.1:2181, sessionid = 0x162a2756bed000d, negotiated timeout = 6000 (org.apache.zookeeper.ClientCnxn)
[2018-04-08 14:07:55,207] INFO zookeeper state changed (SyncConnected) (org.I0Itec.zkclient.ZkClient)
[2018-04-08 14:07:55,613] INFO Creating /controller (is it secure? false) (kafka.utils.ZKCheckedEphemeral)
[2018-04-08 14:07:55,657] INFO Result of znode creation is: OK (kafka.utils.ZKCheckedEphemeral)
[2018-04-08 14:07:55,658] INFO 0 successfully elected as leader (kafka.server.ZookeeperLeaderElector)
[2018-04-08 14:07:57,528] INFO re-registering broker info in ZK for broker 0 (kafka.server.KafkaHealthcheck$SessionExpireListener)
[2018-04-08 14:08:07,542] INFO Creating /brokers/ids/0 (is it secure? false) (kafka.utils.ZKCheckedEphemeral)
[2018-04-08 14:08:07,546] INFO Result of znode creation is: OK (kafka.utils.ZKCheckedEphemeral)
[2018-04-08 14:08:07,547] INFO Registered broker 0 at path /brokers/ids/0 with addresses: EndPoint(fe80:0:0:0:a77d:dce4:67ae:87d8%13,9092,ListenerName(PLAINTEXT),PLAINTEXT) (kafka.utils.ZkUtils)
[2018-04-08 14:08:07,549] INFO done re-registering broker (kafka.server.KafkaHealthcheck$SessionExpireListener)
[2018-04-08 14:08:07,550] INFO Subscribing to /brokers/topics path to watch for new topics (kafka.server.KafkaHealthcheck$SessionExpireListener)
[2018-04-08 14:08:08,108] INFO New leader is 0 (kafka.server.ZookeeperLeaderElector$LeaderChangeListener)
[2018-04-08 14:12:03,631] INFO [Group Metadata Manager on Broker 0]: Removed 0 expired offsets in 0 milliseconds. (kafka.coordinator.GroupMetadataManager)
