[2018-04-08 14:07:56,763] TRACE Controller 0 epoch 2 sending UpdateMetadata request (Leader:0,ISR:0,LeaderEpoch:0,ControllerEpoch:1) to brokers Set() for partition wikipedia-application-1-window-statsWindow-0 (state.change.logger)
[2018-04-08 14:07:56,765] TRACE Controller 0 epoch 2 sending UpdateMetadata request (Leader:0,ISR:0,LeaderEpoch:0,ControllerEpoch:1) to brokers Set() for partition metrics-0 (state.change.logger)
[2018-04-08 14:07:56,765] TRACE Controller 0 epoch 2 sending UpdateMetadata request (Leader:0,ISR:0,LeaderEpoch:0,ControllerEpoch:1) to brokers Set() for partition __samza_coordinator_wikipedia-parser_1-0 (state.change.logger)
[2018-04-08 14:07:56,765] TRACE Controller 0 epoch 2 sending UpdateMetadata request (Leader:0,ISR:0,LeaderEpoch:0,ControllerEpoch:1) to brokers Set() for partition __samza_coordinator_wikipedia-application_1-0 (state.change.logger)
[2018-04-08 14:07:56,765] TRACE Controller 0 epoch 2 sending UpdateMetadata request (Leader:0,ISR:0,LeaderEpoch:0,ControllerEpoch:1) to brokers Set() for partition wikipedia-raw-0 (state.change.logger)
[2018-04-08 14:07:56,766] TRACE Controller 0 epoch 2 sending UpdateMetadata request (Leader:0,ISR:0,LeaderEpoch:0,ControllerEpoch:1) to brokers Set() for partition wikipedia-edits-0 (state.change.logger)
[2018-04-08 14:07:56,766] TRACE Controller 0 epoch 2 sending UpdateMetadata request (Leader:0,ISR:0,LeaderEpoch:0,ControllerEpoch:1) to brokers Set() for partition wikipedia-stats-changelog-0 (state.change.logger)
[2018-04-08 14:07:56,766] TRACE Controller 0 epoch 2 sending UpdateMetadata request (Leader:0,ISR:0,LeaderEpoch:0,ControllerEpoch:1) to brokers Set() for partition wikipedia-stats-0 (state.change.logger)
[2018-04-08 14:07:56,766] TRACE Controller 0 epoch 2 sending UpdateMetadata request (Leader:0,ISR:0,LeaderEpoch:0,ControllerEpoch:1) to brokers Set() for partition __samza_coordinator_wikipedia-stats_1-0 (state.change.logger)
[2018-04-08 14:07:56,766] TRACE Controller 0 epoch 2 sending UpdateMetadata request (Leader:0,ISR:0,LeaderEpoch:0,ControllerEpoch:1) to brokers Set() for partition __samza_coordinator_wikipedia-feed_1-0 (state.change.logger)
[2018-04-08 14:07:56,778] TRACE Controller 0 epoch 2 started leader election for partition [wikipedia-edits,0] (state.change.logger)
[2018-04-08 14:07:56,878] ERROR Controller 0 epoch 2 initiated state change for partition [wikipedia-edits,0] from OfflinePartition to OnlinePartition failed (state.change.logger)
kafka.common.NoReplicaOnlineException: No replica for partition [wikipedia-edits,0] is alive. Live brokers are: [Set()], Assigned replicas are: [List(0)]
	at kafka.controller.OfflinePartitionLeaderSelector.selectLeader(PartitionLeaderSelector.scala:73)
	at kafka.controller.PartitionStateMachine.electLeaderForPartition(PartitionStateMachine.scala:339)
	at kafka.controller.PartitionStateMachine.kafka$controller$PartitionStateMachine$$handleStateChange(PartitionStateMachine.scala:200)
	at kafka.controller.PartitionStateMachine$$anonfun$triggerOnlinePartitionStateChange$3.apply(PartitionStateMachine.scala:115)
	at kafka.controller.PartitionStateMachine$$anonfun$triggerOnlinePartitionStateChange$3.apply(PartitionStateMachine.scala:112)
	at scala.collection.TraversableLike$WithFilter$$anonfun$foreach$1.apply(TraversableLike.scala:733)
	at scala.collection.mutable.HashMap$$anonfun$foreach$1.apply(HashMap.scala:99)
	at scala.collection.mutable.HashMap$$anonfun$foreach$1.apply(HashMap.scala:99)
	at scala.collection.mutable.HashTable$class.foreachEntry(HashTable.scala:230)
	at scala.collection.mutable.HashMap.foreachEntry(HashMap.scala:40)
	at scala.collection.mutable.HashMap.foreach(HashMap.scala:99)
	at scala.collection.TraversableLike$WithFilter.foreach(TraversableLike.scala:732)
	at kafka.controller.PartitionStateMachine.triggerOnlinePartitionStateChange(PartitionStateMachine.scala:112)
	at kafka.controller.PartitionStateMachine.startup(PartitionStateMachine.scala:67)
	at kafka.controller.KafkaController.onControllerFailover(KafkaController.scala:342)
	at kafka.controller.KafkaController$$anonfun$1.apply$mcV$sp(KafkaController.scala:160)
	at kafka.server.ZookeeperLeaderElector.elect(ZookeeperLeaderElector.scala:85)
	at kafka.controller.KafkaController$SessionExpirationListener$$anonfun$handleNewSession$1.apply$mcZ$sp(KafkaController.scala:1175)
	at kafka.controller.KafkaController$SessionExpirationListener$$anonfun$handleNewSession$1.apply(KafkaController.scala:1175)
	at kafka.controller.KafkaController$SessionExpirationListener$$anonfun$handleNewSession$1.apply(KafkaController.scala:1175)
	at kafka.utils.CoreUtils$.inLock(CoreUtils.scala:213)
	at kafka.controller.KafkaController$SessionExpirationListener.handleNewSession(KafkaController.scala:1174)
	at org.I0Itec.zkclient.ZkClient$6.run(ZkClient.java:736)
	at org.I0Itec.zkclient.ZkEventThread.run(ZkEventThread.java:72)
[2018-04-08 14:07:56,898] TRACE Controller 0 epoch 2 started leader election for partition [__samza_coordinator_wikipedia-feed_1,0] (state.change.logger)
[2018-04-08 14:07:56,945] ERROR Controller 0 epoch 2 initiated state change for partition [__samza_coordinator_wikipedia-feed_1,0] from OfflinePartition to OnlinePartition failed (state.change.logger)
kafka.common.NoReplicaOnlineException: No replica for partition [__samza_coordinator_wikipedia-feed_1,0] is alive. Live brokers are: [Set()], Assigned replicas are: [List(0)]
	at kafka.controller.OfflinePartitionLeaderSelector.selectLeader(PartitionLeaderSelector.scala:73)
	at kafka.controller.PartitionStateMachine.electLeaderForPartition(PartitionStateMachine.scala:339)
	at kafka.controller.PartitionStateMachine.kafka$controller$PartitionStateMachine$$handleStateChange(PartitionStateMachine.scala:200)
	at kafka.controller.PartitionStateMachine$$anonfun$triggerOnlinePartitionStateChange$3.apply(PartitionStateMachine.scala:115)
	at kafka.controller.PartitionStateMachine$$anonfun$triggerOnlinePartitionStateChange$3.apply(PartitionStateMachine.scala:112)
	at scala.collection.TraversableLike$WithFilter$$anonfun$foreach$1.apply(TraversableLike.scala:733)
	at scala.collection.mutable.HashMap$$anonfun$foreach$1.apply(HashMap.scala:99)
	at scala.collection.mutable.HashMap$$anonfun$foreach$1.apply(HashMap.scala:99)
	at scala.collection.mutable.HashTable$class.foreachEntry(HashTable.scala:230)
	at scala.collection.mutable.HashMap.foreachEntry(HashMap.scala:40)
	at scala.collection.mutable.HashMap.foreach(HashMap.scala:99)
	at scala.collection.TraversableLike$WithFilter.foreach(TraversableLike.scala:732)
	at kafka.controller.PartitionStateMachine.triggerOnlinePartitionStateChange(PartitionStateMachine.scala:112)
	at kafka.controller.PartitionStateMachine.startup(PartitionStateMachine.scala:67)
	at kafka.controller.KafkaController.onControllerFailover(KafkaController.scala:342)
	at kafka.controller.KafkaController$$anonfun$1.apply$mcV$sp(KafkaController.scala:160)
	at kafka.server.ZookeeperLeaderElector.elect(ZookeeperLeaderElector.scala:85)
	at kafka.controller.KafkaController$SessionExpirationListener$$anonfun$handleNewSession$1.apply$mcZ$sp(KafkaController.scala:1175)
	at kafka.controller.KafkaController$SessionExpirationListener$$anonfun$handleNewSession$1.apply(KafkaController.scala:1175)
	at kafka.controller.KafkaController$SessionExpirationListener$$anonfun$handleNewSession$1.apply(KafkaController.scala:1175)
	at kafka.utils.CoreUtils$.inLock(CoreUtils.scala:213)
	at kafka.controller.KafkaController$SessionExpirationListener.handleNewSession(KafkaController.scala:1174)
	at org.I0Itec.zkclient.ZkClient$6.run(ZkClient.java:736)
	at org.I0Itec.zkclient.ZkEventThread.run(ZkEventThread.java:72)
[2018-04-08 14:07:56,954] TRACE Controller 0 epoch 2 started leader election for partition [__samza_coordinator_wikipedia-stats_1,0] (state.change.logger)
[2018-04-08 14:07:57,120] ERROR Controller 0 epoch 2 initiated state change for partition [__samza_coordinator_wikipedia-stats_1,0] from OfflinePartition to OnlinePartition failed (state.change.logger)
kafka.common.NoReplicaOnlineException: No replica for partition [__samza_coordinator_wikipedia-stats_1,0] is alive. Live brokers are: [Set()], Assigned replicas are: [List(0)]
	at kafka.controller.OfflinePartitionLeaderSelector.selectLeader(PartitionLeaderSelector.scala:73)
	at kafka.controller.PartitionStateMachine.electLeaderForPartition(PartitionStateMachine.scala:339)
	at kafka.controller.PartitionStateMachine.kafka$controller$PartitionStateMachine$$handleStateChange(PartitionStateMachine.scala:200)
	at kafka.controller.PartitionStateMachine$$anonfun$triggerOnlinePartitionStateChange$3.apply(PartitionStateMachine.scala:115)
	at kafka.controller.PartitionStateMachine$$anonfun$triggerOnlinePartitionStateChange$3.apply(PartitionStateMachine.scala:112)
	at scala.collection.TraversableLike$WithFilter$$anonfun$foreach$1.apply(TraversableLike.scala:733)
	at scala.collection.mutable.HashMap$$anonfun$foreach$1.apply(HashMap.scala:99)
	at scala.collection.mutable.HashMap$$anonfun$foreach$1.apply(HashMap.scala:99)
	at scala.collection.mutable.HashTable$class.foreachEntry(HashTable.scala:230)
	at scala.collection.mutable.HashMap.foreachEntry(HashMap.scala:40)
	at scala.collection.mutable.HashMap.foreach(HashMap.scala:99)
	at scala.collection.TraversableLike$WithFilter.foreach(TraversableLike.scala:732)
	at kafka.controller.PartitionStateMachine.triggerOnlinePartitionStateChange(PartitionStateMachine.scala:112)
	at kafka.controller.PartitionStateMachine.startup(PartitionStateMachine.scala:67)
	at kafka.controller.KafkaController.onControllerFailover(KafkaController.scala:342)
	at kafka.controller.KafkaController$$anonfun$1.apply$mcV$sp(KafkaController.scala:160)
	at kafka.server.ZookeeperLeaderElector.elect(ZookeeperLeaderElector.scala:85)
	at kafka.controller.KafkaController$SessionExpirationListener$$anonfun$handleNewSession$1.apply$mcZ$sp(KafkaController.scala:1175)
	at kafka.controller.KafkaController$SessionExpirationListener$$anonfun$handleNewSession$1.apply(KafkaController.scala:1175)
	at kafka.controller.KafkaController$SessionExpirationListener$$anonfun$handleNewSession$1.apply(KafkaController.scala:1175)
	at kafka.utils.CoreUtils$.inLock(CoreUtils.scala:213)
	at kafka.controller.KafkaController$SessionExpirationListener.handleNewSession(KafkaController.scala:1174)
	at org.I0Itec.zkclient.ZkClient$6.run(ZkClient.java:736)
	at org.I0Itec.zkclient.ZkEventThread.run(ZkEventThread.java:72)
[2018-04-08 14:07:57,122] TRACE Controller 0 epoch 2 started leader election for partition [wikipedia-stats,0] (state.change.logger)
[2018-04-08 14:07:57,160] ERROR Controller 0 epoch 2 initiated state change for partition [wikipedia-stats,0] from OfflinePartition to OnlinePartition failed (state.change.logger)
kafka.common.NoReplicaOnlineException: No replica for partition [wikipedia-stats,0] is alive. Live brokers are: [Set()], Assigned replicas are: [List(0)]
	at kafka.controller.OfflinePartitionLeaderSelector.selectLeader(PartitionLeaderSelector.scala:73)
	at kafka.controller.PartitionStateMachine.electLeaderForPartition(PartitionStateMachine.scala:339)
	at kafka.controller.PartitionStateMachine.kafka$controller$PartitionStateMachine$$handleStateChange(PartitionStateMachine.scala:200)
	at kafka.controller.PartitionStateMachine$$anonfun$triggerOnlinePartitionStateChange$3.apply(PartitionStateMachine.scala:115)
	at kafka.controller.PartitionStateMachine$$anonfun$triggerOnlinePartitionStateChange$3.apply(PartitionStateMachine.scala:112)
	at scala.collection.TraversableLike$WithFilter$$anonfun$foreach$1.apply(TraversableLike.scala:733)
	at scala.collection.mutable.HashMap$$anonfun$foreach$1.apply(HashMap.scala:99)
	at scala.collection.mutable.HashMap$$anonfun$foreach$1.apply(HashMap.scala:99)
	at scala.collection.mutable.HashTable$class.foreachEntry(HashTable.scala:230)
	at scala.collection.mutable.HashMap.foreachEntry(HashMap.scala:40)
	at scala.collection.mutable.HashMap.foreach(HashMap.scala:99)
	at scala.collection.TraversableLike$WithFilter.foreach(TraversableLike.scala:732)
	at kafka.controller.PartitionStateMachine.triggerOnlinePartitionStateChange(PartitionStateMachine.scala:112)
	at kafka.controller.PartitionStateMachine.startup(PartitionStateMachine.scala:67)
	at kafka.controller.KafkaController.onControllerFailover(KafkaController.scala:342)
	at kafka.controller.KafkaController$$anonfun$1.apply$mcV$sp(KafkaController.scala:160)
	at kafka.server.ZookeeperLeaderElector.elect(ZookeeperLeaderElector.scala:85)
	at kafka.controller.KafkaController$SessionExpirationListener$$anonfun$handleNewSession$1.apply$mcZ$sp(KafkaController.scala:1175)
	at kafka.controller.KafkaController$SessionExpirationListener$$anonfun$handleNewSession$1.apply(KafkaController.scala:1175)
	at kafka.controller.KafkaController$SessionExpirationListener$$anonfun$handleNewSession$1.apply(KafkaController.scala:1175)
	at kafka.utils.CoreUtils$.inLock(CoreUtils.scala:213)
	at kafka.controller.KafkaController$SessionExpirationListener.handleNewSession(KafkaController.scala:1174)
	at org.I0Itec.zkclient.ZkClient$6.run(ZkClient.java:736)
	at org.I0Itec.zkclient.ZkEventThread.run(ZkEventThread.java:72)
[2018-04-08 14:07:57,162] TRACE Controller 0 epoch 2 started leader election for partition [wikipedia-raw,0] (state.change.logger)
[2018-04-08 14:07:57,190] ERROR Controller 0 epoch 2 initiated state change for partition [wikipedia-raw,0] from OfflinePartition to OnlinePartition failed (state.change.logger)
kafka.common.NoReplicaOnlineException: No replica for partition [wikipedia-raw,0] is alive. Live brokers are: [Set()], Assigned replicas are: [List(0)]
	at kafka.controller.OfflinePartitionLeaderSelector.selectLeader(PartitionLeaderSelector.scala:73)
	at kafka.controller.PartitionStateMachine.electLeaderForPartition(PartitionStateMachine.scala:339)
	at kafka.controller.PartitionStateMachine.kafka$controller$PartitionStateMachine$$handleStateChange(PartitionStateMachine.scala:200)
	at kafka.controller.PartitionStateMachine$$anonfun$triggerOnlinePartitionStateChange$3.apply(PartitionStateMachine.scala:115)
	at kafka.controller.PartitionStateMachine$$anonfun$triggerOnlinePartitionStateChange$3.apply(PartitionStateMachine.scala:112)
	at scala.collection.TraversableLike$WithFilter$$anonfun$foreach$1.apply(TraversableLike.scala:733)
	at scala.collection.mutable.HashMap$$anonfun$foreach$1.apply(HashMap.scala:99)
	at scala.collection.mutable.HashMap$$anonfun$foreach$1.apply(HashMap.scala:99)
	at scala.collection.mutable.HashTable$class.foreachEntry(HashTable.scala:230)
	at scala.collection.mutable.HashMap.foreachEntry(HashMap.scala:40)
	at scala.collection.mutable.HashMap.foreach(HashMap.scala:99)
	at scala.collection.TraversableLike$WithFilter.foreach(TraversableLike.scala:732)
	at kafka.controller.PartitionStateMachine.triggerOnlinePartitionStateChange(PartitionStateMachine.scala:112)
	at kafka.controller.PartitionStateMachine.startup(PartitionStateMachine.scala:67)
	at kafka.controller.KafkaController.onControllerFailover(KafkaController.scala:342)
	at kafka.controller.KafkaController$$anonfun$1.apply$mcV$sp(KafkaController.scala:160)
	at kafka.server.ZookeeperLeaderElector.elect(ZookeeperLeaderElector.scala:85)
	at kafka.controller.KafkaController$SessionExpirationListener$$anonfun$handleNewSession$1.apply$mcZ$sp(KafkaController.scala:1175)
	at kafka.controller.KafkaController$SessionExpirationListener$$anonfun$handleNewSession$1.apply(KafkaController.scala:1175)
	at kafka.controller.KafkaController$SessionExpirationListener$$anonfun$handleNewSession$1.apply(KafkaController.scala:1175)
	at kafka.utils.CoreUtils$.inLock(CoreUtils.scala:213)
	at kafka.controller.KafkaController$SessionExpirationListener.handleNewSession(KafkaController.scala:1174)
	at org.I0Itec.zkclient.ZkClient$6.run(ZkClient.java:736)
	at org.I0Itec.zkclient.ZkEventThread.run(ZkEventThread.java:72)
[2018-04-08 14:07:57,193] TRACE Controller 0 epoch 2 started leader election for partition [wikipedia-application-1-window-statsWindow,0] (state.change.logger)
[2018-04-08 14:07:57,322] ERROR Controller 0 epoch 2 initiated state change for partition [wikipedia-application-1-window-statsWindow,0] from OfflinePartition to OnlinePartition failed (state.change.logger)
kafka.common.NoReplicaOnlineException: No replica for partition [wikipedia-application-1-window-statsWindow,0] is alive. Live brokers are: [Set()], Assigned replicas are: [List(0)]
	at kafka.controller.OfflinePartitionLeaderSelector.selectLeader(PartitionLeaderSelector.scala:73)
	at kafka.controller.PartitionStateMachine.electLeaderForPartition(PartitionStateMachine.scala:339)
	at kafka.controller.PartitionStateMachine.kafka$controller$PartitionStateMachine$$handleStateChange(PartitionStateMachine.scala:200)
	at kafka.controller.PartitionStateMachine$$anonfun$triggerOnlinePartitionStateChange$3.apply(PartitionStateMachine.scala:115)
	at kafka.controller.PartitionStateMachine$$anonfun$triggerOnlinePartitionStateChange$3.apply(PartitionStateMachine.scala:112)
	at scala.collection.TraversableLike$WithFilter$$anonfun$foreach$1.apply(TraversableLike.scala:733)
	at scala.collection.mutable.HashMap$$anonfun$foreach$1.apply(HashMap.scala:99)
	at scala.collection.mutable.HashMap$$anonfun$foreach$1.apply(HashMap.scala:99)
	at scala.collection.mutable.HashTable$class.foreachEntry(HashTable.scala:230)
	at scala.collection.mutable.HashMap.foreachEntry(HashMap.scala:40)
	at scala.collection.mutable.HashMap.foreach(HashMap.scala:99)
	at scala.collection.TraversableLike$WithFilter.foreach(TraversableLike.scala:732)
	at kafka.controller.PartitionStateMachine.triggerOnlinePartitionStateChange(PartitionStateMachine.scala:112)
	at kafka.controller.PartitionStateMachine.startup(PartitionStateMachine.scala:67)
	at kafka.controller.KafkaController.onControllerFailover(KafkaController.scala:342)
	at kafka.controller.KafkaController$$anonfun$1.apply$mcV$sp(KafkaController.scala:160)
	at kafka.server.ZookeeperLeaderElector.elect(ZookeeperLeaderElector.scala:85)
	at kafka.controller.KafkaController$SessionExpirationListener$$anonfun$handleNewSession$1.apply$mcZ$sp(KafkaController.scala:1175)
	at kafka.controller.KafkaController$SessionExpirationListener$$anonfun$handleNewSession$1.apply(KafkaController.scala:1175)
	at kafka.controller.KafkaController$SessionExpirationListener$$anonfun$handleNewSession$1.apply(KafkaController.scala:1175)
	at kafka.utils.CoreUtils$.inLock(CoreUtils.scala:213)
	at kafka.controller.KafkaController$SessionExpirationListener.handleNewSession(KafkaController.scala:1174)
	at org.I0Itec.zkclient.ZkClient$6.run(ZkClient.java:736)
	at org.I0Itec.zkclient.ZkEventThread.run(ZkEventThread.java:72)
[2018-04-08 14:07:57,334] TRACE Controller 0 epoch 2 started leader election for partition [metrics,0] (state.change.logger)
[2018-04-08 14:07:57,363] ERROR Controller 0 epoch 2 initiated state change for partition [metrics,0] from OfflinePartition to OnlinePartition failed (state.change.logger)
kafka.common.NoReplicaOnlineException: No replica for partition [metrics,0] is alive. Live brokers are: [Set()], Assigned replicas are: [List(0)]
	at kafka.controller.OfflinePartitionLeaderSelector.selectLeader(PartitionLeaderSelector.scala:73)
	at kafka.controller.PartitionStateMachine.electLeaderForPartition(PartitionStateMachine.scala:339)
	at kafka.controller.PartitionStateMachine.kafka$controller$PartitionStateMachine$$handleStateChange(PartitionStateMachine.scala:200)
	at kafka.controller.PartitionStateMachine$$anonfun$triggerOnlinePartitionStateChange$3.apply(PartitionStateMachine.scala:115)
	at kafka.controller.PartitionStateMachine$$anonfun$triggerOnlinePartitionStateChange$3.apply(PartitionStateMachine.scala:112)
	at scala.collection.TraversableLike$WithFilter$$anonfun$foreach$1.apply(TraversableLike.scala:733)
	at scala.collection.mutable.HashMap$$anonfun$foreach$1.apply(HashMap.scala:99)
	at scala.collection.mutable.HashMap$$anonfun$foreach$1.apply(HashMap.scala:99)
	at scala.collection.mutable.HashTable$class.foreachEntry(HashTable.scala:230)
	at scala.collection.mutable.HashMap.foreachEntry(HashMap.scala:40)
	at scala.collection.mutable.HashMap.foreach(HashMap.scala:99)
	at scala.collection.TraversableLike$WithFilter.foreach(TraversableLike.scala:732)
	at kafka.controller.PartitionStateMachine.triggerOnlinePartitionStateChange(PartitionStateMachine.scala:112)
	at kafka.controller.PartitionStateMachine.startup(PartitionStateMachine.scala:67)
	at kafka.controller.KafkaController.onControllerFailover(KafkaController.scala:342)
	at kafka.controller.KafkaController$$anonfun$1.apply$mcV$sp(KafkaController.scala:160)
	at kafka.server.ZookeeperLeaderElector.elect(ZookeeperLeaderElector.scala:85)
	at kafka.controller.KafkaController$SessionExpirationListener$$anonfun$handleNewSession$1.apply$mcZ$sp(KafkaController.scala:1175)
	at kafka.controller.KafkaController$SessionExpirationListener$$anonfun$handleNewSession$1.apply(KafkaController.scala:1175)
	at kafka.controller.KafkaController$SessionExpirationListener$$anonfun$handleNewSession$1.apply(KafkaController.scala:1175)
	at kafka.utils.CoreUtils$.inLock(CoreUtils.scala:213)
	at kafka.controller.KafkaController$SessionExpirationListener.handleNewSession(KafkaController.scala:1174)
	at org.I0Itec.zkclient.ZkClient$6.run(ZkClient.java:736)
	at org.I0Itec.zkclient.ZkEventThread.run(ZkEventThread.java:72)
[2018-04-08 14:07:57,365] TRACE Controller 0 epoch 2 started leader election for partition [wikipedia-stats-changelog,0] (state.change.logger)
[2018-04-08 14:07:57,421] ERROR Controller 0 epoch 2 initiated state change for partition [wikipedia-stats-changelog,0] from OfflinePartition to OnlinePartition failed (state.change.logger)
kafka.common.NoReplicaOnlineException: No replica for partition [wikipedia-stats-changelog,0] is alive. Live brokers are: [Set()], Assigned replicas are: [List(0)]
	at kafka.controller.OfflinePartitionLeaderSelector.selectLeader(PartitionLeaderSelector.scala:73)
	at kafka.controller.PartitionStateMachine.electLeaderForPartition(PartitionStateMachine.scala:339)
	at kafka.controller.PartitionStateMachine.kafka$controller$PartitionStateMachine$$handleStateChange(PartitionStateMachine.scala:200)
	at kafka.controller.PartitionStateMachine$$anonfun$triggerOnlinePartitionStateChange$3.apply(PartitionStateMachine.scala:115)
	at kafka.controller.PartitionStateMachine$$anonfun$triggerOnlinePartitionStateChange$3.apply(PartitionStateMachine.scala:112)
	at scala.collection.TraversableLike$WithFilter$$anonfun$foreach$1.apply(TraversableLike.scala:733)
	at scala.collection.mutable.HashMap$$anonfun$foreach$1.apply(HashMap.scala:99)
	at scala.collection.mutable.HashMap$$anonfun$foreach$1.apply(HashMap.scala:99)
	at scala.collection.mutable.HashTable$class.foreachEntry(HashTable.scala:230)
	at scala.collection.mutable.HashMap.foreachEntry(HashMap.scala:40)
	at scala.collection.mutable.HashMap.foreach(HashMap.scala:99)
	at scala.collection.TraversableLike$WithFilter.foreach(TraversableLike.scala:732)
	at kafka.controller.PartitionStateMachine.triggerOnlinePartitionStateChange(PartitionStateMachine.scala:112)
	at kafka.controller.PartitionStateMachine.startup(PartitionStateMachine.scala:67)
	at kafka.controller.KafkaController.onControllerFailover(KafkaController.scala:342)
	at kafka.controller.KafkaController$$anonfun$1.apply$mcV$sp(KafkaController.scala:160)
	at kafka.server.ZookeeperLeaderElector.elect(ZookeeperLeaderElector.scala:85)
	at kafka.controller.KafkaController$SessionExpirationListener$$anonfun$handleNewSession$1.apply$mcZ$sp(KafkaController.scala:1175)
	at kafka.controller.KafkaController$SessionExpirationListener$$anonfun$handleNewSession$1.apply(KafkaController.scala:1175)
	at kafka.controller.KafkaController$SessionExpirationListener$$anonfun$handleNewSession$1.apply(KafkaController.scala:1175)
	at kafka.utils.CoreUtils$.inLock(CoreUtils.scala:213)
	at kafka.controller.KafkaController$SessionExpirationListener.handleNewSession(KafkaController.scala:1174)
	at org.I0Itec.zkclient.ZkClient$6.run(ZkClient.java:736)
	at org.I0Itec.zkclient.ZkEventThread.run(ZkEventThread.java:72)
[2018-04-08 14:07:57,422] TRACE Controller 0 epoch 2 started leader election for partition [__samza_coordinator_wikipedia-application_1,0] (state.change.logger)
[2018-04-08 14:07:57,460] ERROR Controller 0 epoch 2 initiated state change for partition [__samza_coordinator_wikipedia-application_1,0] from OfflinePartition to OnlinePartition failed (state.change.logger)
kafka.common.NoReplicaOnlineException: No replica for partition [__samza_coordinator_wikipedia-application_1,0] is alive. Live brokers are: [Set()], Assigned replicas are: [List(0)]
	at kafka.controller.OfflinePartitionLeaderSelector.selectLeader(PartitionLeaderSelector.scala:73)
	at kafka.controller.PartitionStateMachine.electLeaderForPartition(PartitionStateMachine.scala:339)
	at kafka.controller.PartitionStateMachine.kafka$controller$PartitionStateMachine$$handleStateChange(PartitionStateMachine.scala:200)
	at kafka.controller.PartitionStateMachine$$anonfun$triggerOnlinePartitionStateChange$3.apply(PartitionStateMachine.scala:115)
	at kafka.controller.PartitionStateMachine$$anonfun$triggerOnlinePartitionStateChange$3.apply(PartitionStateMachine.scala:112)
	at scala.collection.TraversableLike$WithFilter$$anonfun$foreach$1.apply(TraversableLike.scala:733)
	at scala.collection.mutable.HashMap$$anonfun$foreach$1.apply(HashMap.scala:99)
	at scala.collection.mutable.HashMap$$anonfun$foreach$1.apply(HashMap.scala:99)
	at scala.collection.mutable.HashTable$class.foreachEntry(HashTable.scala:230)
	at scala.collection.mutable.HashMap.foreachEntry(HashMap.scala:40)
	at scala.collection.mutable.HashMap.foreach(HashMap.scala:99)
	at scala.collection.TraversableLike$WithFilter.foreach(TraversableLike.scala:732)
	at kafka.controller.PartitionStateMachine.triggerOnlinePartitionStateChange(PartitionStateMachine.scala:112)
	at kafka.controller.PartitionStateMachine.startup(PartitionStateMachine.scala:67)
	at kafka.controller.KafkaController.onControllerFailover(KafkaController.scala:342)
	at kafka.controller.KafkaController$$anonfun$1.apply$mcV$sp(KafkaController.scala:160)
	at kafka.server.ZookeeperLeaderElector.elect(ZookeeperLeaderElector.scala:85)
	at kafka.controller.KafkaController$SessionExpirationListener$$anonfun$handleNewSession$1.apply$mcZ$sp(KafkaController.scala:1175)
	at kafka.controller.KafkaController$SessionExpirationListener$$anonfun$handleNewSession$1.apply(KafkaController.scala:1175)
	at kafka.controller.KafkaController$SessionExpirationListener$$anonfun$handleNewSession$1.apply(KafkaController.scala:1175)
	at kafka.utils.CoreUtils$.inLock(CoreUtils.scala:213)
	at kafka.controller.KafkaController$SessionExpirationListener.handleNewSession(KafkaController.scala:1174)
	at org.I0Itec.zkclient.ZkClient$6.run(ZkClient.java:736)
	at org.I0Itec.zkclient.ZkEventThread.run(ZkEventThread.java:72)
[2018-04-08 14:07:57,463] TRACE Controller 0 epoch 2 started leader election for partition [__samza_coordinator_wikipedia-parser_1,0] (state.change.logger)
[2018-04-08 14:07:57,505] ERROR Controller 0 epoch 2 initiated state change for partition [__samza_coordinator_wikipedia-parser_1,0] from OfflinePartition to OnlinePartition failed (state.change.logger)
kafka.common.NoReplicaOnlineException: No replica for partition [__samza_coordinator_wikipedia-parser_1,0] is alive. Live brokers are: [Set()], Assigned replicas are: [List(0)]
	at kafka.controller.OfflinePartitionLeaderSelector.selectLeader(PartitionLeaderSelector.scala:73)
	at kafka.controller.PartitionStateMachine.electLeaderForPartition(PartitionStateMachine.scala:339)
	at kafka.controller.PartitionStateMachine.kafka$controller$PartitionStateMachine$$handleStateChange(PartitionStateMachine.scala:200)
	at kafka.controller.PartitionStateMachine$$anonfun$triggerOnlinePartitionStateChange$3.apply(PartitionStateMachine.scala:115)
	at kafka.controller.PartitionStateMachine$$anonfun$triggerOnlinePartitionStateChange$3.apply(PartitionStateMachine.scala:112)
	at scala.collection.TraversableLike$WithFilter$$anonfun$foreach$1.apply(TraversableLike.scala:733)
	at scala.collection.mutable.HashMap$$anonfun$foreach$1.apply(HashMap.scala:99)
	at scala.collection.mutable.HashMap$$anonfun$foreach$1.apply(HashMap.scala:99)
	at scala.collection.mutable.HashTable$class.foreachEntry(HashTable.scala:230)
	at scala.collection.mutable.HashMap.foreachEntry(HashMap.scala:40)
	at scala.collection.mutable.HashMap.foreach(HashMap.scala:99)
	at scala.collection.TraversableLike$WithFilter.foreach(TraversableLike.scala:732)
	at kafka.controller.PartitionStateMachine.triggerOnlinePartitionStateChange(PartitionStateMachine.scala:112)
	at kafka.controller.PartitionStateMachine.startup(PartitionStateMachine.scala:67)
	at kafka.controller.KafkaController.onControllerFailover(KafkaController.scala:342)
	at kafka.controller.KafkaController$$anonfun$1.apply$mcV$sp(KafkaController.scala:160)
	at kafka.server.ZookeeperLeaderElector.elect(ZookeeperLeaderElector.scala:85)
	at kafka.controller.KafkaController$SessionExpirationListener$$anonfun$handleNewSession$1.apply$mcZ$sp(KafkaController.scala:1175)
	at kafka.controller.KafkaController$SessionExpirationListener$$anonfun$handleNewSession$1.apply(KafkaController.scala:1175)
	at kafka.controller.KafkaController$SessionExpirationListener$$anonfun$handleNewSession$1.apply(KafkaController.scala:1175)
	at kafka.utils.CoreUtils$.inLock(CoreUtils.scala:213)
	at kafka.controller.KafkaController$SessionExpirationListener.handleNewSession(KafkaController.scala:1174)
	at org.I0Itec.zkclient.ZkClient$6.run(ZkClient.java:736)
	at org.I0Itec.zkclient.ZkEventThread.run(ZkEventThread.java:72)
[2018-04-08 14:08:07,595] TRACE Controller 0 epoch 2 sending UpdateMetadata request (Leader:0,ISR:0,LeaderEpoch:0,ControllerEpoch:1) to brokers Set(0) for partition wikipedia-application-1-window-statsWindow-0 (state.change.logger)
[2018-04-08 14:08:07,595] TRACE Controller 0 epoch 2 sending UpdateMetadata request (Leader:0,ISR:0,LeaderEpoch:0,ControllerEpoch:1) to brokers Set(0) for partition metrics-0 (state.change.logger)
[2018-04-08 14:08:07,595] TRACE Controller 0 epoch 2 sending UpdateMetadata request (Leader:0,ISR:0,LeaderEpoch:0,ControllerEpoch:1) to brokers Set(0) for partition __samza_coordinator_wikipedia-parser_1-0 (state.change.logger)
[2018-04-08 14:08:07,595] TRACE Controller 0 epoch 2 sending UpdateMetadata request (Leader:0,ISR:0,LeaderEpoch:0,ControllerEpoch:1) to brokers Set(0) for partition __samza_coordinator_wikipedia-application_1-0 (state.change.logger)
[2018-04-08 14:08:07,595] TRACE Controller 0 epoch 2 sending UpdateMetadata request (Leader:0,ISR:0,LeaderEpoch:0,ControllerEpoch:1) to brokers Set(0) for partition wikipedia-raw-0 (state.change.logger)
[2018-04-08 14:08:07,595] TRACE Controller 0 epoch 2 sending UpdateMetadata request (Leader:0,ISR:0,LeaderEpoch:0,ControllerEpoch:1) to brokers Set(0) for partition wikipedia-edits-0 (state.change.logger)
[2018-04-08 14:08:07,596] TRACE Controller 0 epoch 2 sending UpdateMetadata request (Leader:0,ISR:0,LeaderEpoch:0,ControllerEpoch:1) to brokers Set(0) for partition wikipedia-stats-changelog-0 (state.change.logger)
[2018-04-08 14:08:07,596] TRACE Controller 0 epoch 2 sending UpdateMetadata request (Leader:0,ISR:0,LeaderEpoch:0,ControllerEpoch:1) to brokers Set(0) for partition wikipedia-stats-0 (state.change.logger)
[2018-04-08 14:08:07,596] TRACE Controller 0 epoch 2 sending UpdateMetadata request (Leader:0,ISR:0,LeaderEpoch:0,ControllerEpoch:1) to brokers Set(0) for partition __samza_coordinator_wikipedia-stats_1-0 (state.change.logger)
[2018-04-08 14:08:07,596] TRACE Controller 0 epoch 2 sending UpdateMetadata request (Leader:0,ISR:0,LeaderEpoch:0,ControllerEpoch:1) to brokers Set(0) for partition __samza_coordinator_wikipedia-feed_1-0 (state.change.logger)
[2018-04-08 14:08:07,604] TRACE Controller 0 epoch 2 changed state of replica 0 for partition [wikipedia-application-1-window-statsWindow,0] from ReplicaDeletionIneligible to OnlineReplica (state.change.logger)
[2018-04-08 14:08:07,605] TRACE Controller 0 epoch 2 changed state of replica 0 for partition [__samza_coordinator_wikipedia-stats_1,0] from ReplicaDeletionIneligible to OnlineReplica (state.change.logger)
[2018-04-08 14:08:07,605] TRACE Controller 0 epoch 2 changed state of replica 0 for partition [wikipedia-raw,0] from ReplicaDeletionIneligible to OnlineReplica (state.change.logger)
[2018-04-08 14:08:07,606] TRACE Controller 0 epoch 2 changed state of replica 0 for partition [__samza_coordinator_wikipedia-application_1,0] from ReplicaDeletionIneligible to OnlineReplica (state.change.logger)
[2018-04-08 14:08:07,606] TRACE Controller 0 epoch 2 changed state of replica 0 for partition [wikipedia-stats,0] from ReplicaDeletionIneligible to OnlineReplica (state.change.logger)
[2018-04-08 14:08:07,607] TRACE Controller 0 epoch 2 changed state of replica 0 for partition [__samza_coordinator_wikipedia-feed_1,0] from ReplicaDeletionIneligible to OnlineReplica (state.change.logger)
[2018-04-08 14:08:07,607] TRACE Controller 0 epoch 2 changed state of replica 0 for partition [metrics,0] from ReplicaDeletionIneligible to OnlineReplica (state.change.logger)
[2018-04-08 14:08:07,607] TRACE Controller 0 epoch 2 changed state of replica 0 for partition [wikipedia-stats-changelog,0] from ReplicaDeletionIneligible to OnlineReplica (state.change.logger)
[2018-04-08 14:08:07,608] TRACE Controller 0 epoch 2 changed state of replica 0 for partition [__samza_coordinator_wikipedia-parser_1,0] from ReplicaDeletionIneligible to OnlineReplica (state.change.logger)
[2018-04-08 14:08:07,608] TRACE Controller 0 epoch 2 changed state of replica 0 for partition [wikipedia-edits,0] from ReplicaDeletionIneligible to OnlineReplica (state.change.logger)
[2018-04-08 14:08:07,608] TRACE Controller 0 epoch 2 sending become-leader LeaderAndIsr request (Leader:0,ISR:0,LeaderEpoch:0,ControllerEpoch:1) to broker 0 for partition [wikipedia-application-1-window-statsWindow,0] (state.change.logger)
[2018-04-08 14:08:07,609] TRACE Controller 0 epoch 2 sending become-leader LeaderAndIsr request (Leader:0,ISR:0,LeaderEpoch:0,ControllerEpoch:1) to broker 0 for partition [metrics,0] (state.change.logger)
[2018-04-08 14:08:07,609] TRACE Controller 0 epoch 2 sending become-leader LeaderAndIsr request (Leader:0,ISR:0,LeaderEpoch:0,ControllerEpoch:1) to broker 0 for partition [__samza_coordinator_wikipedia-parser_1,0] (state.change.logger)
[2018-04-08 14:08:07,609] TRACE Controller 0 epoch 2 sending become-leader LeaderAndIsr request (Leader:0,ISR:0,LeaderEpoch:0,ControllerEpoch:1) to broker 0 for partition [__samza_coordinator_wikipedia-application_1,0] (state.change.logger)
[2018-04-08 14:08:07,609] TRACE Controller 0 epoch 2 sending become-leader LeaderAndIsr request (Leader:0,ISR:0,LeaderEpoch:0,ControllerEpoch:1) to broker 0 for partition [wikipedia-edits,0] (state.change.logger)
[2018-04-08 14:08:07,609] TRACE Controller 0 epoch 2 sending become-leader LeaderAndIsr request (Leader:0,ISR:0,LeaderEpoch:0,ControllerEpoch:1) to broker 0 for partition [wikipedia-raw,0] (state.change.logger)
[2018-04-08 14:08:07,610] TRACE Controller 0 epoch 2 sending become-leader LeaderAndIsr request (Leader:0,ISR:0,LeaderEpoch:0,ControllerEpoch:1) to broker 0 for partition [wikipedia-stats-changelog,0] (state.change.logger)
[2018-04-08 14:08:07,610] TRACE Controller 0 epoch 2 sending become-leader LeaderAndIsr request (Leader:0,ISR:0,LeaderEpoch:0,ControllerEpoch:1) to broker 0 for partition [wikipedia-stats,0] (state.change.logger)
[2018-04-08 14:08:07,610] TRACE Controller 0 epoch 2 sending become-leader LeaderAndIsr request (Leader:0,ISR:0,LeaderEpoch:0,ControllerEpoch:1) to broker 0 for partition [__samza_coordinator_wikipedia-feed_1,0] (state.change.logger)
[2018-04-08 14:08:07,610] TRACE Controller 0 epoch 2 sending become-leader LeaderAndIsr request (Leader:0,ISR:0,LeaderEpoch:0,ControllerEpoch:1) to broker 0 for partition [__samza_coordinator_wikipedia-stats_1,0] (state.change.logger)
[2018-04-08 14:08:07,611] TRACE Controller 0 epoch 2 sending UpdateMetadata request (Leader:0,ISR:0,LeaderEpoch:0,ControllerEpoch:1) to brokers Set(0) for partition wikipedia-application-1-window-statsWindow-0 (state.change.logger)
[2018-04-08 14:08:07,611] TRACE Controller 0 epoch 2 sending UpdateMetadata request (Leader:0,ISR:0,LeaderEpoch:0,ControllerEpoch:1) to brokers Set(0) for partition metrics-0 (state.change.logger)
[2018-04-08 14:08:07,611] TRACE Controller 0 epoch 2 sending UpdateMetadata request (Leader:0,ISR:0,LeaderEpoch:0,ControllerEpoch:1) to brokers Set(0) for partition __samza_coordinator_wikipedia-parser_1-0 (state.change.logger)
[2018-04-08 14:08:07,612] TRACE Controller 0 epoch 2 sending UpdateMetadata request (Leader:0,ISR:0,LeaderEpoch:0,ControllerEpoch:1) to brokers Set(0) for partition __samza_coordinator_wikipedia-application_1-0 (state.change.logger)
[2018-04-08 14:08:07,612] TRACE Controller 0 epoch 2 sending UpdateMetadata request (Leader:0,ISR:0,LeaderEpoch:0,ControllerEpoch:1) to brokers Set(0) for partition wikipedia-edits-0 (state.change.logger)
[2018-04-08 14:08:07,612] TRACE Controller 0 epoch 2 sending UpdateMetadata request (Leader:0,ISR:0,LeaderEpoch:0,ControllerEpoch:1) to brokers Set(0) for partition wikipedia-raw-0 (state.change.logger)
[2018-04-08 14:08:07,612] TRACE Controller 0 epoch 2 sending UpdateMetadata request (Leader:0,ISR:0,LeaderEpoch:0,ControllerEpoch:1) to brokers Set(0) for partition wikipedia-stats-changelog-0 (state.change.logger)
[2018-04-08 14:08:07,612] TRACE Controller 0 epoch 2 sending UpdateMetadata request (Leader:0,ISR:0,LeaderEpoch:0,ControllerEpoch:1) to brokers Set(0) for partition wikipedia-stats-0 (state.change.logger)
[2018-04-08 14:08:07,612] TRACE Controller 0 epoch 2 sending UpdateMetadata request (Leader:0,ISR:0,LeaderEpoch:0,ControllerEpoch:1) to brokers Set(0) for partition __samza_coordinator_wikipedia-feed_1-0 (state.change.logger)
[2018-04-08 14:08:07,613] TRACE Controller 0 epoch 2 sending UpdateMetadata request (Leader:0,ISR:0,LeaderEpoch:0,ControllerEpoch:1) to brokers Set(0) for partition __samza_coordinator_wikipedia-stats_1-0 (state.change.logger)
[2018-04-08 14:08:07,613] TRACE Controller 0 epoch 2 started leader election for partition [wikipedia-edits,0] (state.change.logger)
[2018-04-08 14:08:07,653] TRACE Controller 0 epoch 2 elected leader 0 for Offline partition [wikipedia-edits,0] (state.change.logger)
[2018-04-08 14:08:07,658] TRACE Controller 0 epoch 2 changed partition [wikipedia-edits,0] from OfflinePartition to OnlinePartition with leader 0 (state.change.logger)
[2018-04-08 14:08:07,658] TRACE Controller 0 epoch 2 started leader election for partition [__samza_coordinator_wikipedia-feed_1,0] (state.change.logger)
[2018-04-08 14:08:07,670] TRACE Controller 0 epoch 2 elected leader 0 for Offline partition [__samza_coordinator_wikipedia-feed_1,0] (state.change.logger)
[2018-04-08 14:08:07,671] TRACE Controller 0 epoch 2 changed partition [__samza_coordinator_wikipedia-feed_1,0] from OfflinePartition to OnlinePartition with leader 0 (state.change.logger)
[2018-04-08 14:08:07,671] TRACE Controller 0 epoch 2 started leader election for partition [__samza_coordinator_wikipedia-stats_1,0] (state.change.logger)
[2018-04-08 14:08:07,684] TRACE Controller 0 epoch 2 elected leader 0 for Offline partition [__samza_coordinator_wikipedia-stats_1,0] (state.change.logger)
[2018-04-08 14:08:07,686] TRACE Controller 0 epoch 2 changed partition [__samza_coordinator_wikipedia-stats_1,0] from OfflinePartition to OnlinePartition with leader 0 (state.change.logger)
[2018-04-08 14:08:07,686] TRACE Controller 0 epoch 2 started leader election for partition [wikipedia-stats,0] (state.change.logger)
[2018-04-08 14:08:07,742] TRACE Controller 0 epoch 2 elected leader 0 for Offline partition [wikipedia-stats,0] (state.change.logger)
[2018-04-08 14:08:07,744] TRACE Controller 0 epoch 2 changed partition [wikipedia-stats,0] from OfflinePartition to OnlinePartition with leader 0 (state.change.logger)
[2018-04-08 14:08:07,744] TRACE Controller 0 epoch 2 started leader election for partition [wikipedia-raw,0] (state.change.logger)
[2018-04-08 14:08:07,764] TRACE Controller 0 epoch 2 elected leader 0 for Offline partition [wikipedia-raw,0] (state.change.logger)
[2018-04-08 14:08:07,766] TRACE Controller 0 epoch 2 changed partition [wikipedia-raw,0] from OfflinePartition to OnlinePartition with leader 0 (state.change.logger)
[2018-04-08 14:08:07,767] TRACE Controller 0 epoch 2 started leader election for partition [wikipedia-application-1-window-statsWindow,0] (state.change.logger)
[2018-04-08 14:08:07,815] TRACE Controller 0 epoch 2 elected leader 0 for Offline partition [wikipedia-application-1-window-statsWindow,0] (state.change.logger)
[2018-04-08 14:08:07,817] TRACE Controller 0 epoch 2 changed partition [wikipedia-application-1-window-statsWindow,0] from OfflinePartition to OnlinePartition with leader 0 (state.change.logger)
[2018-04-08 14:08:07,817] TRACE Controller 0 epoch 2 started leader election for partition [metrics,0] (state.change.logger)
[2018-04-08 14:08:07,840] TRACE Controller 0 epoch 2 elected leader 0 for Offline partition [metrics,0] (state.change.logger)
[2018-04-08 14:08:07,842] TRACE Controller 0 epoch 2 changed partition [metrics,0] from OfflinePartition to OnlinePartition with leader 0 (state.change.logger)
[2018-04-08 14:08:07,842] TRACE Controller 0 epoch 2 started leader election for partition [wikipedia-stats-changelog,0] (state.change.logger)
[2018-04-08 14:08:07,858] TRACE Controller 0 epoch 2 elected leader 0 for Offline partition [wikipedia-stats-changelog,0] (state.change.logger)
[2018-04-08 14:08:07,860] TRACE Controller 0 epoch 2 changed partition [wikipedia-stats-changelog,0] from OfflinePartition to OnlinePartition with leader 0 (state.change.logger)
[2018-04-08 14:08:07,860] TRACE Controller 0 epoch 2 started leader election for partition [__samza_coordinator_wikipedia-application_1,0] (state.change.logger)
[2018-04-08 14:08:07,911] TRACE Controller 0 epoch 2 elected leader 0 for Offline partition [__samza_coordinator_wikipedia-application_1,0] (state.change.logger)
[2018-04-08 14:08:07,912] TRACE Controller 0 epoch 2 changed partition [__samza_coordinator_wikipedia-application_1,0] from OfflinePartition to OnlinePartition with leader 0 (state.change.logger)
[2018-04-08 14:08:07,913] TRACE Controller 0 epoch 2 started leader election for partition [__samza_coordinator_wikipedia-parser_1,0] (state.change.logger)
[2018-04-08 14:08:07,930] TRACE Controller 0 epoch 2 elected leader 0 for Offline partition [__samza_coordinator_wikipedia-parser_1,0] (state.change.logger)
[2018-04-08 14:08:07,933] TRACE Controller 0 epoch 2 changed partition [__samza_coordinator_wikipedia-parser_1,0] from OfflinePartition to OnlinePartition with leader 0 (state.change.logger)
[2018-04-08 14:08:07,933] TRACE Controller 0 epoch 2 sending become-leader LeaderAndIsr request (Leader:0,ISR:0,LeaderEpoch:1,ControllerEpoch:2) to broker 0 for partition [wikipedia-application-1-window-statsWindow,0] (state.change.logger)
[2018-04-08 14:08:07,934] TRACE Controller 0 epoch 2 sending become-leader LeaderAndIsr request (Leader:0,ISR:0,LeaderEpoch:1,ControllerEpoch:2) to broker 0 for partition [metrics,0] (state.change.logger)
[2018-04-08 14:08:07,934] TRACE Controller 0 epoch 2 sending become-leader LeaderAndIsr request (Leader:0,ISR:0,LeaderEpoch:1,ControllerEpoch:2) to broker 0 for partition [__samza_coordinator_wikipedia-parser_1,0] (state.change.logger)
[2018-04-08 14:08:07,934] TRACE Controller 0 epoch 2 sending become-leader LeaderAndIsr request (Leader:0,ISR:0,LeaderEpoch:1,ControllerEpoch:2) to broker 0 for partition [__samza_coordinator_wikipedia-application_1,0] (state.change.logger)
[2018-04-08 14:08:07,934] TRACE Controller 0 epoch 2 sending become-leader LeaderAndIsr request (Leader:0,ISR:0,LeaderEpoch:1,ControllerEpoch:2) to broker 0 for partition [wikipedia-raw,0] (state.change.logger)
[2018-04-08 14:08:07,934] TRACE Controller 0 epoch 2 sending become-leader LeaderAndIsr request (Leader:0,ISR:0,LeaderEpoch:1,ControllerEpoch:2) to broker 0 for partition [wikipedia-edits,0] (state.change.logger)
[2018-04-08 14:08:07,935] TRACE Controller 0 epoch 2 sending become-leader LeaderAndIsr request (Leader:0,ISR:0,LeaderEpoch:1,ControllerEpoch:2) to broker 0 for partition [wikipedia-stats-changelog,0] (state.change.logger)
[2018-04-08 14:08:07,935] TRACE Controller 0 epoch 2 sending become-leader LeaderAndIsr request (Leader:0,ISR:0,LeaderEpoch:1,ControllerEpoch:2) to broker 0 for partition [wikipedia-stats,0] (state.change.logger)
[2018-04-08 14:08:07,935] TRACE Controller 0 epoch 2 sending become-leader LeaderAndIsr request (Leader:0,ISR:0,LeaderEpoch:1,ControllerEpoch:2) to broker 0 for partition [__samza_coordinator_wikipedia-stats_1,0] (state.change.logger)
[2018-04-08 14:08:07,935] TRACE Controller 0 epoch 2 sending become-leader LeaderAndIsr request (Leader:0,ISR:0,LeaderEpoch:1,ControllerEpoch:2) to broker 0 for partition [__samza_coordinator_wikipedia-feed_1,0] (state.change.logger)
[2018-04-08 14:08:07,937] TRACE Controller 0 epoch 2 sending UpdateMetadata request (Leader:0,ISR:0,LeaderEpoch:1,ControllerEpoch:2) to brokers Set(0) for partition wikipedia-application-1-window-statsWindow-0 (state.change.logger)
[2018-04-08 14:08:07,937] TRACE Controller 0 epoch 2 sending UpdateMetadata request (Leader:0,ISR:0,LeaderEpoch:1,ControllerEpoch:2) to brokers Set(0) for partition metrics-0 (state.change.logger)
[2018-04-08 14:08:07,937] TRACE Controller 0 epoch 2 sending UpdateMetadata request (Leader:0,ISR:0,LeaderEpoch:1,ControllerEpoch:2) to brokers Set(0) for partition __samza_coordinator_wikipedia-parser_1-0 (state.change.logger)
[2018-04-08 14:08:07,937] TRACE Controller 0 epoch 2 sending UpdateMetadata request (Leader:0,ISR:0,LeaderEpoch:1,ControllerEpoch:2) to brokers Set(0) for partition __samza_coordinator_wikipedia-application_1-0 (state.change.logger)
[2018-04-08 14:08:07,937] TRACE Controller 0 epoch 2 sending UpdateMetadata request (Leader:0,ISR:0,LeaderEpoch:1,ControllerEpoch:2) to brokers Set(0) for partition wikipedia-raw-0 (state.change.logger)
[2018-04-08 14:08:07,937] TRACE Controller 0 epoch 2 sending UpdateMetadata request (Leader:0,ISR:0,LeaderEpoch:1,ControllerEpoch:2) to brokers Set(0) for partition wikipedia-edits-0 (state.change.logger)
[2018-04-08 14:08:07,938] TRACE Controller 0 epoch 2 sending UpdateMetadata request (Leader:0,ISR:0,LeaderEpoch:1,ControllerEpoch:2) to brokers Set(0) for partition wikipedia-stats-changelog-0 (state.change.logger)
[2018-04-08 14:08:07,938] TRACE Controller 0 epoch 2 sending UpdateMetadata request (Leader:0,ISR:0,LeaderEpoch:1,ControllerEpoch:2) to brokers Set(0) for partition wikipedia-stats-0 (state.change.logger)
[2018-04-08 14:08:07,938] TRACE Controller 0 epoch 2 sending UpdateMetadata request (Leader:0,ISR:0,LeaderEpoch:1,ControllerEpoch:2) to brokers Set(0) for partition __samza_coordinator_wikipedia-stats_1-0 (state.change.logger)
[2018-04-08 14:08:07,938] TRACE Controller 0 epoch 2 sending UpdateMetadata request (Leader:0,ISR:0,LeaderEpoch:1,ControllerEpoch:2) to brokers Set(0) for partition __samza_coordinator_wikipedia-feed_1-0 (state.change.logger)
