2018-04-08 14:14:57.228 [main] LocalContainerRunner [INFO] Got container ID: 0
2018-04-08 14:14:57.230 [main] LocalContainerRunner [INFO] Got coordinator URL: http://Genreboys-MacBook-Pro.local:54342/
2018-04-08 14:14:57.431 [main] SamzaContainer$ [INFO] Fetching configuration from: http://Genreboys-MacBook-Pro.local:54342/
2018-04-08 14:15:02.787 [main] VerifiableProperties [INFO] Verifying properties
2018-04-08 14:15:02.795 [main] VerifiableProperties [INFO] Property auto.offset.reset is overridden to largest
2018-04-08 14:15:02.795 [main] VerifiableProperties [INFO] Property client.id is overridden to samza_admin-wikipedia_parser-1
2018-04-08 14:15:02.795 [main] VerifiableProperties [INFO] Property group.id is overridden to undefined-samza-consumer-group-7f771daf-262b-4c16-847f-633eccaed8d7
2018-04-08 14:15:02.796 [main] VerifiableProperties [INFO] Property zookeeper.connect is overridden to localhost:2181/
2018-04-08 14:15:02.811 [main] TaskFactoryUtil [INFO] Got task class name: samza.examples.wikipedia.task.WikipediaParserStreamTask
2018-04-08 14:15:07.827 [main] SamzaContainer$ [INFO] Setting up Samza container: samza-container-0
2018-04-08 14:15:07.828 [main] SamzaContainer$ [INFO] Samza container PID: 6011@Genreboys-MacBook-Pro.local
2018-04-08 14:15:07.829 [main] SamzaContainer$ [INFO] Using configuration: {systems.kafka.consumer.zookeeper.connect=localhost:2181/, systems.kafka.samza.factory=org.apache.samza.system.kafka.KafkaSystemFactory, serializers.registry.metrics.class=org.apache.samza.serializers.MetricsSnapshotSerdeFactory, job.coordinator.system=kafka, systems.kafka.streams.metrics.samza.msg.serde=metrics, task.inputs=kafka.wikipedia-raw, job.factory.class=org.apache.samza.job.yarn.YarnJobFactory, yarn.package.path=file:///Users/genreboy/IdeaProjects/samza-hello-samza/target/hello-samza-0.14.0-dist.tar.gz, task.class=samza.examples.wikipedia.task.WikipediaParserStreamTask, systems.kafka.samza.msg.serde=json, systems.kafka.consumer.auto.offset.reset=largest, job.coordinator.replication.factor=1, job.name=wikipedia-parser, serializers.registry.json.class=org.apache.samza.serializers.JsonSerdeFactory, systems.kafka.producer.bootstrap.servers=localhost:9092}
2018-04-08 14:15:07.830 [main] SamzaContainer$ [INFO] Using container model: ContainerModel [processorId=0, tasks={Partition 0=TaskModel [taskName=Partition 0, systemStreamPartitions=[SystemStreamPartition [kafka, wikipedia-raw, 0]], changeLogPartition=Partition [partition=0]]}]
2018-04-08 14:15:07.863 [main] SamzaContainer$ [INFO] Got system names: Buffer(kafka)
2018-04-08 14:15:07.870 [main] SamzaContainer$ [INFO] Got serde streams: Set(SystemStream [system=kafka, stream=metrics])
2018-04-08 14:15:07.872 [main] VerifiableProperties [INFO] Verifying properties
2018-04-08 14:15:07.872 [main] VerifiableProperties [INFO] Property auto.offset.reset is overridden to largest
2018-04-08 14:15:07.872 [main] VerifiableProperties [INFO] Property client.id is overridden to samza_admin-wikipedia_parser-1
2018-04-08 14:15:07.872 [main] VerifiableProperties [INFO] Property group.id is overridden to undefined-samza-consumer-group-5dede256-5eb7-46b0-a65b-86cec9040ec4
2018-04-08 14:15:07.872 [main] VerifiableProperties [INFO] Property zookeeper.connect is overridden to localhost:2181/
2018-04-08 14:15:07.875 [main] SamzaContainer$ [INFO] Got system factories: Set(kafka)
2018-04-08 14:15:07.915 [main] VerifiableProperties [INFO] Verifying properties
2018-04-08 14:15:07.915 [main] VerifiableProperties [INFO] Property client.id is overridden to samza_admin-wikipedia_parser-1
2018-04-08 14:15:07.915 [main] VerifiableProperties [INFO] Property metadata.broker.list is overridden to localhost:9092
2018-04-08 14:15:07.915 [main] VerifiableProperties [INFO] Property request.timeout.ms is overridden to 30000
2018-04-08 14:15:07.964 [main] ClientUtils$ [INFO] Fetching metadata from broker BrokerEndPoint(0,localhost,9092) with correlation id 0 for 1 topic(s) Set(wikipedia-raw)
2018-04-08 14:15:07.989 [main] SyncProducer [INFO] Connected to localhost:9092 for producing
2018-04-08 14:15:08.019 [main] SyncProducer [INFO] Disconnecting from localhost:9092
2018-04-08 14:15:08.099 [main] SamzaContainer$ [INFO] Got input stream metadata: Map(SystemStream [system=kafka, stream=wikipedia-raw] -> SystemStreamMetadata [streamName=wikipedia-raw, partitionMetadata={Partition [partition=0]=SystemStreamPartitionMetadata [oldestOffset=0, newestOffset=23707, upcomingOffset=23708]}])
2018-04-08 14:15:08.101 [main] VerifiableProperties [INFO] Verifying properties
2018-04-08 14:15:08.101 [main] VerifiableProperties [INFO] Property auto.offset.reset is overridden to largest
2018-04-08 14:15:08.101 [main] VerifiableProperties [INFO] Property client.id is overridden to samza_consumer-wikipedia_parser-1
2018-04-08 14:15:08.101 [main] VerifiableProperties [INFO] Property group.id is overridden to undefined-samza-consumer-group-95e1df87-6a6c-4cd5-bfde-93615acd3eef
2018-04-08 14:15:08.101 [main] VerifiableProperties [INFO] Property zookeeper.connect is overridden to localhost:2181/
2018-04-08 14:15:08.108 [main] VerifiableProperties [INFO] Verifying properties
2018-04-08 14:15:08.108 [main] VerifiableProperties [INFO] Property auto.offset.reset is overridden to largest
2018-04-08 14:15:08.108 [main] VerifiableProperties [INFO] Property client.id is overridden to samza_admin-wikipedia_parser-1
2018-04-08 14:15:08.108 [main] VerifiableProperties [INFO] Property group.id is overridden to undefined-samza-consumer-group-d1dfb9ca-6d4d-4ef2-afdf-3047537730b5
2018-04-08 14:15:08.108 [main] VerifiableProperties [INFO] Property zookeeper.connect is overridden to localhost:2181/
2018-04-08 14:15:08.115 [main] SamzaContainer$ [INFO] Got system consumers: Set(kafka)
2018-04-08 14:15:08.124 [main] SamzaContainer$ [INFO] Got system producers: Set(kafka)
2018-04-08 14:15:08.132 [main] SamzaContainer$ [INFO] Got serdes from factories: Set(metrics, json)
2018-04-08 14:15:08.135 [main] SamzaContainer$ [INFO] Got serdes from serialized instances: Set()
2018-04-08 14:15:08.152 [main] SamzaContainer$ [INFO] Got change log system streams: Map()
2018-04-08 14:15:08.152 [main] SamzaContainer$ [INFO] Got intermediate streams: List()
2018-04-08 14:15:08.154 [main] SamzaContainer$ [INFO] Setting up JVM metrics.
2018-04-08 14:15:08.156 [main] SamzaContainer$ [INFO] Setting up message chooser.
2018-04-08 14:15:08.173 [main] DefaultChooser [INFO] Building default chooser with: useBatching=false, useBootstrapping=false, usePriority=false
2018-04-08 14:15:08.174 [main] SamzaContainer$ [INFO] Setting up metrics reporters.
2018-04-08 14:15:08.176 [main] SamzaContainer$ [INFO] Got metrics reporters: Set()
2018-04-08 14:15:08.176 [main] SamzaContainer$ [INFO] Got security manager: null
2018-04-08 14:15:08.177 [main] SamzaContainer$ [INFO] Got checkpoint manager: null
2018-04-08 14:15:08.178 [main] SamzaContainer$ [INFO] Got checkpointListeners : Map()
2018-04-08 14:15:08.181 [main] OffsetManager$ [INFO] No default offset for SystemStream [system=kafka, stream=wikipedia-raw] defined. Using upcoming.
2018-04-08 14:15:08.186 [main] SamzaContainer$ [INFO] Got offset manager: org.apache.samza.checkpoint.OffsetManager@68b32e3e
2018-04-08 14:15:08.193 [main] SamzaContainer$ [INFO] Got storage engines: Set()
2018-04-08 14:15:08.193 [main] SamzaContainer$ [INFO] Got single thread mode: false
2018-04-08 14:15:08.193 [main] SamzaContainer$ [INFO] Got thread pool size: 0
2018-04-08 14:15:08.193 [main] TaskFactoryUtil [INFO] Converting StreamTask to AsyncStreamTaskAdapter when running StreamTask with multiple threads
2018-04-08 14:15:08.195 [main] SamzaContainer$ [INFO] Got default storage engine base directory: /private/tmp/hadoop-genreboy/nm-local-dir/usercache/genreboy/appcache/application_1523144040190_0003/container_1523144040190_0003_01_000016/state
2018-04-08 14:15:08.199 [main] SamzaContainer$ [INFO] Got store consumers: Map()
2018-04-08 14:15:08.200 [main] SamzaContainer$ [WARN] No override was provided for logged store base directory. This disables local state re-use on application restart. If you want to enable this feature, set LOGGED_STORE_BASE_DIR as an environment variable in all machines running the Samza container
2018-04-08 14:15:08.200 [main] SamzaContainer$ [INFO] Got base directory for logged data stores: /private/tmp/hadoop-genreboy/nm-local-dir/usercache/genreboy/appcache/application_1523144040190_0003/container_1523144040190_0003_01_000016/state
2018-04-08 14:15:08.201 [main] SamzaContainer$ [INFO] Got task stores: Map()
2018-04-08 14:15:08.203 [main] SamzaContainer$ [INFO] Retrieved SystemStreamPartitions Set(SystemStreamPartition [kafka, wikipedia-raw, 0]) for Partition 0
2018-04-08 14:15:08.215 [main] RunLoopFactory [INFO] Got window milliseconds: -1.
2018-04-08 14:15:08.216 [main] RunLoopFactory [INFO] Got commit milliseconds: 60000.
2018-04-08 14:15:08.216 [main] RunLoopFactory [INFO] Got taskMaxConcurrency: 1.
2018-04-08 14:15:08.216 [main] RunLoopFactory [INFO] Got asyncCommitEnabled: false.
2018-04-08 14:15:08.217 [main] RunLoopFactory [INFO] Got callbackTimeout: -1.
2018-04-08 14:15:08.217 [main] RunLoopFactory [INFO] Run loop in asynchronous mode.
2018-04-08 14:15:08.232 [main] NoThrottlingDiskQuotaPolicy [INFO] Using a no throttling disk quota policy
2018-04-08 14:15:08.234 [main] SamzaContainer$ [INFO] Disk quotas disabled because polling interval is not set (container.disk.poll.interval.ms)
2018-04-08 14:15:08.234 [main] SamzaContainer$ [INFO] Samza container setup complete.
2018-04-08 14:15:08.236 [main] LocalContainerRunner [INFO] Got execution environment container id: container_1523144040190_0003_01_000016
2018-04-08 14:15:08.237 [main] ContainerHeartbeatMonitor [INFO] Starting ContainerHeartbeatMonitor
2018-04-08 14:15:08.238 [main] SamzaContainer [INFO] Starting container.
2018-04-08 14:15:13.242 [main] JmxServer [INFO] According to Util.getLocalHost.getHostName we are Genreboys-MacBook-Pro.local
2018-04-08 14:15:13.405 [main] JmxServer [INFO] Started JmxServer registry port=63548 server port=63549 url=service:jmx:rmi://localhost:63549/jndi/rmi://localhost:63548/jmxrmi
2018-04-08 14:15:13.406 [main] JmxServer [INFO] If you are tunneling, you might want to try JmxServer registry port=63548 server port=63549 url=service:jmx:rmi://Genreboys-MacBook-Pro.local:63549/jndi/rmi://Genreboys-MacBook-Pro.local:63548/jmxrmi
2018-04-08 14:15:13.406 [main] SamzaContainer [INFO] Registering task instances with metrics.
2018-04-08 14:15:13.407 [main] SamzaContainer [INFO] Starting JVM metrics.
2018-04-08 14:15:13.408 [main] SamzaContainer [INFO] Starting metrics reporters.
2018-04-08 14:15:13.408 [main] SamzaContainer [INFO] Registering task instances with offsets.
2018-04-08 14:15:13.410 [main] SamzaContainer [INFO] Starting offset manager.
2018-04-08 14:15:13.416 [main] OffsetManager [INFO] Successfully loaded last processed offsets: {}
2018-04-08 14:15:13.417 [main] OffsetManager [INFO] Successfully loaded starting offsets: Map(Partition 0 -> Map(SystemStreamPartition [kafka, wikipedia-raw, 0] -> 23708))
2018-04-08 14:15:13.417 [main] SamzaContainer [INFO] Starting task instance stores.
2018-04-08 14:15:13.421 [main] TaskStorageManager [INFO] Validating change log streams: Map()
2018-04-08 14:15:13.422 [main] TaskStorageManager [INFO] Got change log stream metadata: Map()
2018-04-08 14:15:13.424 [main] TaskStorageManager [INFO] Assigning oldest change log offsets for taskName Partition 0: Map()
2018-04-08 14:15:13.427 [main] SamzaContainer [INFO] Starting host statistics monitor
2018-04-08 14:15:13.428 [main] SamzaContainer [INFO] Registering task instances with producers.
2018-04-08 14:15:13.429 [main] SamzaContainer [INFO] Starting producer multiplexer.
2018-04-08 14:15:13.452 [main] ProducerConfig [INFO] ProducerConfig values: 
	acks = 1
	batch.size = 16384
	block.on.buffer.full = false
	bootstrap.servers = [localhost:9092]
	buffer.memory = 33554432
	client.id = samza_producer-wikipedia_parser-1
	compression.type = none
	connections.max.idle.ms = 540000
	interceptor.classes = null
	key.serializer = class org.apache.kafka.common.serialization.ByteArraySerializer
	linger.ms = 10
	max.block.ms = 60000
	max.in.flight.requests.per.connection = 1
	max.request.size = 1048576
	metadata.fetch.timeout.ms = 60000
	metadata.max.age.ms = 300000
	metric.reporters = []
	metrics.num.samples = 2
	metrics.sample.window.ms = 30000
	partitioner.class = class org.apache.kafka.clients.producer.internals.DefaultPartitioner
	receive.buffer.bytes = 32768
	reconnect.backoff.ms = 50
	request.timeout.ms = 30000
	retries = 2147483647
	retry.backoff.ms = 100
	sasl.kerberos.kinit.cmd = /usr/bin/kinit
	sasl.kerberos.min.time.before.relogin = 60000
	sasl.kerberos.service.name = null
	sasl.kerberos.ticket.renew.jitter = 0.05
	sasl.kerberos.ticket.renew.window.factor = 0.8
	sasl.mechanism = GSSAPI
	security.protocol = PLAINTEXT
	send.buffer.bytes = 131072
	ssl.cipher.suites = null
	ssl.enabled.protocols = [TLSv1.2, TLSv1.1, TLSv1]
	ssl.endpoint.identification.algorithm = null
	ssl.key.password = null
	ssl.keymanager.algorithm = SunX509
	ssl.keystore.location = null
	ssl.keystore.password = null
	ssl.keystore.type = JKS
	ssl.protocol = TLS
	ssl.provider = null
	ssl.secure.random.implementation = null
	ssl.trustmanager.algorithm = PKIX
	ssl.truststore.location = null
	ssl.truststore.password = null
	ssl.truststore.type = JKS
	timeout.ms = 30000
	value.serializer = class org.apache.kafka.common.serialization.ByteArraySerializer

2018-04-08 14:15:13.459 [main] ProducerConfig [INFO] ProducerConfig values: 
	acks = 1
	batch.size = 16384
	block.on.buffer.full = false
	bootstrap.servers = [localhost:9092]
	buffer.memory = 33554432
	client.id = samza_producer-wikipedia_parser-1
	compression.type = none
	connections.max.idle.ms = 540000
	interceptor.classes = null
	key.serializer = class org.apache.kafka.common.serialization.ByteArraySerializer
	linger.ms = 10
	max.block.ms = 60000
	max.in.flight.requests.per.connection = 1
	max.request.size = 1048576
	metadata.fetch.timeout.ms = 60000
	metadata.max.age.ms = 300000
	metric.reporters = []
	metrics.num.samples = 2
	metrics.sample.window.ms = 30000
	partitioner.class = class org.apache.kafka.clients.producer.internals.DefaultPartitioner
	receive.buffer.bytes = 32768
	reconnect.backoff.ms = 50
	request.timeout.ms = 30000
	retries = 2147483647
	retry.backoff.ms = 100
	sasl.kerberos.kinit.cmd = /usr/bin/kinit
	sasl.kerberos.min.time.before.relogin = 60000
	sasl.kerberos.service.name = null
	sasl.kerberos.ticket.renew.jitter = 0.05
	sasl.kerberos.ticket.renew.window.factor = 0.8
	sasl.mechanism = GSSAPI
	security.protocol = PLAINTEXT
	send.buffer.bytes = 131072
	ssl.cipher.suites = null
	ssl.enabled.protocols = [TLSv1.2, TLSv1.1, TLSv1]
	ssl.endpoint.identification.algorithm = null
	ssl.key.password = null
	ssl.keymanager.algorithm = SunX509
	ssl.keystore.location = null
	ssl.keystore.password = null
	ssl.keystore.type = JKS
	ssl.protocol = TLS
	ssl.provider = null
	ssl.secure.random.implementation = null
	ssl.trustmanager.algorithm = PKIX
	ssl.truststore.location = null
	ssl.truststore.password = null
	ssl.truststore.type = JKS
	timeout.ms = 30000
	value.serializer = class org.apache.kafka.common.serialization.ByteArraySerializer

2018-04-08 14:15:13.494 [main] AppInfoParser [INFO] Kafka version : 0.10.1.1
2018-04-08 14:15:13.494 [main] AppInfoParser [INFO] Kafka commitId : f10ef2720b03b247
2018-04-08 14:15:13.495 [main] SamzaContainer [INFO] Initializing stream tasks.
2018-04-08 14:15:13.496 [main] SamzaContainer [INFO] Registering task instances with consumers.
2018-04-08 14:15:13.504 [main] SamzaContainer [INFO] Starting consumer multiplexer.
2018-04-08 14:15:13.506 [main] KafkaSystemConsumer [INFO] Refreshing brokers for: Map([wikipedia-raw,0] -> 23708)
2018-04-08 14:15:13.508 [main] VerifiableProperties [INFO] Verifying properties
2018-04-08 14:15:13.509 [main] VerifiableProperties [INFO] Property client.id is overridden to samza_consumer-wikipedia_parser-1
2018-04-08 14:15:13.509 [main] VerifiableProperties [INFO] Property metadata.broker.list is overridden to localhost:9092
2018-04-08 14:15:13.509 [main] VerifiableProperties [INFO] Property request.timeout.ms is overridden to 30000
2018-04-08 14:15:13.510 [main] ClientUtils$ [INFO] Fetching metadata from broker BrokerEndPoint(0,localhost,9092) with correlation id 0 for 1 topic(s) Set(wikipedia-raw)
2018-04-08 14:15:13.510 [main] SyncProducer [INFO] Connected to localhost:9092 for producing
2018-04-08 14:15:13.511 [main] SyncProducer [INFO] Disconnecting from localhost:9092
2018-04-08 14:15:13.516 [main] BrokerProxy [INFO] Creating new SimpleConsumer for host 192.168.0.27:9092 for system kafka
2018-04-08 14:15:13.519 [main] GetOffset [INFO] Validating offset 23708 for topic and partition [wikipedia-raw,0]
2018-04-08 14:15:13.651 [main] GetOffset [INFO] Able to successfully read from offset 23708 for topic and partition [wikipedia-raw,0]. Using it to instantiate consumer.
2018-04-08 14:15:13.652 [main] BrokerProxy [INFO] Starting BrokerProxy for 192.168.0.27:9092
2018-04-08 14:15:13.666 [main] SamzaContainer [INFO] Entering run loop.
2018-04-08 14:15:13.667 [main] LocalContainerRunner [INFO] Container Started
2018-04-08 14:15:30.393 [main] TaskInstance [INFO] SystemStreamPartition [kafka, wikipedia-raw, 0] is catched up.
